2020-08-17 12:11:19 INFO  [springAppName_IS_UNDEFINED,,,] main org.springframework.context.support.PostProcessorRegistrationDelegate$BeanPostProcessorChecker Bean 'org.springframework.cloud.autoconfigure.ConfigurationPropertiesRebinderAutoConfiguration' of type [org.springframework.cloud.autoconfigure.ConfigurationPropertiesRebinderAutoConfiguration$$EnhancerBySpringCGLIB$$313a5ae3] is not eligible for getting processed by all BeanPostProcessors (for example: not eligible for auto-proxying)
2020-08-17 12:11:20 INFO  [THXU-Auth,,,] main com.kk.thxu.auth.ThxuAuthApplication No active profile set, falling back to default profiles: default
2020-08-17 12:11:20 INFO  [THXU-Auth,,,] main org.springframework.data.repository.config.RepositoryConfigurationDelegate Multiple Spring Data modules found, entering strict repository configuration mode!
2020-08-17 12:11:20 INFO  [THXU-Auth,,,] main org.springframework.data.repository.config.RepositoryConfigurationDelegate Bootstrapping Spring Data repositories in DEFAULT mode.
2020-08-17 12:11:21 INFO  [THXU-Auth,,,] main org.springframework.data.repository.config.RepositoryConfigurationDelegate Finished Spring Data repository scanning in 14ms. Found 0 repository interfaces.
2020-08-17 12:11:21 INFO  [THXU-Auth,,,] main org.springframework.cloud.context.scope.GenericScope BeanFactory id=40c676e3-2b2b-3af8-ae4b-bb820d4442aa
2020-08-17 12:11:21 INFO  [THXU-Auth,,,] main org.springframework.context.support.PostProcessorRegistrationDelegate$BeanPostProcessorChecker Bean 'org.springframework.transaction.annotation.ProxyTransactionManagementConfiguration' of type [org.springframework.transaction.annotation.ProxyTransactionManagementConfiguration$$EnhancerBySpringCGLIB$$152057e6] is not eligible for getting processed by all BeanPostProcessors (for example: not eligible for auto-proxying)
2020-08-17 12:11:21 INFO  [THXU-Auth,,,] main org.springframework.context.support.PostProcessorRegistrationDelegate$BeanPostProcessorChecker Bean 'spring.datasource.dynamic-com.baomidou.dynamic.datasource.spring.boot.autoconfigure.DynamicDataSourceProperties' of type [com.baomidou.dynamic.datasource.spring.boot.autoconfigure.DynamicDataSourceProperties] is not eligible for getting processed by all BeanPostProcessors (for example: not eligible for auto-proxying)
2020-08-17 12:11:21 INFO  [THXU-Auth,,,] main org.springframework.context.support.PostProcessorRegistrationDelegate$BeanPostProcessorChecker Bean 'com.baomidou.dynamic.datasource.spring.boot.autoconfigure.DynamicDataSourceAutoConfiguration' of type [com.baomidou.dynamic.datasource.spring.boot.autoconfigure.DynamicDataSourceAutoConfiguration$$EnhancerBySpringCGLIB$$7eaec8b7] is not eligible for getting processed by all BeanPostProcessors (for example: not eligible for auto-proxying)
2020-08-17 12:11:21 INFO  [THXU-Auth,,,] main org.springframework.context.support.PostProcessorRegistrationDelegate$BeanPostProcessorChecker Bean 'dsProcessor' of type [com.baomidou.dynamic.datasource.processor.DsHeaderProcessor] is not eligible for getting processed by all BeanPostProcessors (for example: not eligible for auto-proxying)
2020-08-17 12:11:21 INFO  [THXU-Auth,,,] main org.springframework.context.support.PostProcessorRegistrationDelegate$BeanPostProcessorChecker Bean 'dynamicDatasourceAnnotationAdvisor' of type [com.baomidou.dynamic.datasource.aop.DynamicDataSourceAnnotationAdvisor] is not eligible for getting processed by all BeanPostProcessors (for example: not eligible for auto-proxying)
2020-08-17 12:11:21 INFO  [THXU-Auth,,,] main org.springframework.context.support.PostProcessorRegistrationDelegate$BeanPostProcessorChecker Bean 'org.springframework.cloud.autoconfigure.ConfigurationPropertiesRebinderAutoConfiguration' of type [org.springframework.cloud.autoconfigure.ConfigurationPropertiesRebinderAutoConfiguration$$EnhancerBySpringCGLIB$$313a5ae3] is not eligible for getting processed by all BeanPostProcessors (for example: not eligible for auto-proxying)
2020-08-17 12:11:21 INFO  [THXU-Auth,,,] main org.springframework.boot.web.embedded.tomcat.TomcatWebServer Tomcat initialized with port(s): 8101 (http)
2020-08-17 12:11:21 INFO  [THXU-Auth,,,] main org.apache.coyote.http11.Http11NioProtocol Initializing ProtocolHandler ["http-nio-8101"]
2020-08-17 12:11:21 INFO  [THXU-Auth,,,] main org.apache.catalina.core.StandardService Starting service [Tomcat]
2020-08-17 12:11:21 INFO  [THXU-Auth,,,] main org.apache.catalina.core.StandardEngine Starting Servlet engine: [Apache Tomcat/9.0.21]
2020-08-17 12:11:21 INFO  [THXU-Auth,,,] main org.apache.catalina.core.ContainerBase.[Tomcat].[localhost].[/] Initializing Spring embedded WebApplicationContext
2020-08-17 12:11:21 INFO  [THXU-Auth,,,] main org.springframework.web.context.ContextLoader Root WebApplicationContext: initialization completed in 1486 ms
2020-08-17 12:11:21 INFO  [THXU-Auth,,,] main com.netflix.config.sources.URLConfigurationSource To enable URLs as dynamic configuration sources, define System property archaius.configurationSource.additionalUrls or make config.properties available on classpath.
2020-08-17 12:11:21 INFO  [THXU-Auth,,,] main com.netflix.config.DynamicPropertyFactory DynamicPropertyFactory is initialized with configuration sources: com.netflix.config.ConcurrentCompositeConfiguration@1378eea2
2020-08-17 12:11:21 INFO  [THXU-Auth,,,] main com.zaxxer.hikari.HikariDataSource base - Starting...
2020-08-17 12:11:22 INFO  [THXU-Auth,,,] main com.zaxxer.hikari.HikariDataSource base - Start completed.
2020-08-17 12:11:22 INFO  [THXU-Auth,,,] main com.baomidou.dynamic.datasource.DynamicRoutingDataSource 初始共加载 1 个数据源
2020-08-17 12:11:22 INFO  [THXU-Auth,,,] main com.baomidou.dynamic.datasource.DynamicRoutingDataSource 动态数据源-加载 base 成功
2020-08-17 12:11:22 INFO  [THXU-Auth,,,] main com.baomidou.dynamic.datasource.DynamicRoutingDataSource 当前的默认数据源是单数据源，数据源名为 base
2020-08-17 12:11:23 INFO  [THXU-Auth,,,] main org.springframework.boot.actuate.endpoint.web.ServletEndpointRegistrar Registered '/actuator/jolokia' to jolokia-actuator-endpoint
2020-08-17 12:11:23 INFO  [THXU-Auth,,,] main org.springframework.security.web.DefaultSecurityFilterChain Creating filter chain: OrRequestMatcher [requestMatchers=[Ant [pattern='/oauth/token'], Ant [pattern='/oauth/token_key'], Ant [pattern='/oauth/check_token']]], [org.springframework.security.web.context.request.async.WebAsyncManagerIntegrationFilter@6f8ac8d5, org.springframework.security.web.context.SecurityContextPersistenceFilter@47be41c6, org.springframework.security.web.header.HeaderWriterFilter@134c38, org.springframework.security.web.authentication.logout.LogoutFilter@606b53a3, org.springframework.security.web.authentication.www.BasicAuthenticationFilter@4ad1a276, org.springframework.security.web.savedrequest.RequestCacheAwareFilter@13a268cd, org.springframework.security.web.servletapi.SecurityContextHolderAwareRequestFilter@14e3d439, org.springframework.security.web.authentication.AnonymousAuthenticationFilter@370225c7, org.springframework.security.web.session.SessionManagementFilter@4cc7e3ad, org.springframework.security.web.access.ExceptionTranslationFilter@1aed6f0b, org.springframework.security.web.access.intercept.FilterSecurityInterceptor@531ec2ca]
2020-08-17 12:11:23 INFO  [THXU-Auth,,,] main org.springframework.security.web.DefaultSecurityFilterChain Creating filter chain: OrRequestMatcher [requestMatchers=[Ant [pattern='/oauth/**']]], [org.springframework.security.web.context.request.async.WebAsyncManagerIntegrationFilter@12aa519b, org.springframework.security.web.context.SecurityContextPersistenceFilter@25fa6889, org.springframework.security.web.header.HeaderWriterFilter@17d76ebb, org.springframework.security.web.authentication.logout.LogoutFilter@1f9a7684, com.kk.thxu.auth.filter.ValidateCodeFilter@5b066c33, org.springframework.security.web.authentication.UsernamePasswordAuthenticationFilter@16cf7fd0, org.springframework.security.web.authentication.ui.DefaultLoginPageGeneratingFilter@69d2e517, org.springframework.security.web.authentication.ui.DefaultLogoutPageGeneratingFilter@7c5c20ed, org.springframework.security.web.authentication.www.BasicAuthenticationFilter@7ff6804a, org.springframework.security.web.savedrequest.RequestCacheAwareFilter@1de73d37, org.springframework.security.web.servletapi.SecurityContextHolderAwareRequestFilter@31693a86, org.springframework.security.web.authentication.AnonymousAuthenticationFilter@6113a26f, org.springframework.security.web.session.SessionManagementFilter@40b31a16, org.springframework.security.web.access.ExceptionTranslationFilter@2a425cf5, org.springframework.security.web.access.intercept.FilterSecurityInterceptor@4de91056]
2020-08-17 12:11:23 INFO  [THXU-Auth,,,] main org.springframework.security.web.DefaultSecurityFilterChain Creating filter chain: OrRequestMatcher [requestMatchers=[Ant [pattern='/**']]], [org.springframework.security.web.context.request.async.WebAsyncManagerIntegrationFilter@4cfc0c48, org.springframework.security.web.context.SecurityContextPersistenceFilter@24a8e40d, org.springframework.security.web.header.HeaderWriterFilter@105dc04d, org.springframework.security.web.authentication.logout.LogoutFilter@6501b105, org.springframework.security.oauth2.provider.authentication.OAuth2AuthenticationProcessingFilter@72715e61, org.springframework.security.web.authentication.www.BasicAuthenticationFilter@5ba184fc, org.springframework.security.web.savedrequest.RequestCacheAwareFilter@175f859e, org.springframework.security.web.servletapi.SecurityContextHolderAwareRequestFilter@69fe7090, org.springframework.security.web.authentication.AnonymousAuthenticationFilter@59d5c537, org.springframework.security.web.session.SessionManagementFilter@504b8705, org.springframework.security.web.access.ExceptionTranslationFilter@5f0d8937, org.springframework.security.web.access.intercept.FilterSecurityInterceptor@5611bba]
2020-08-17 12:11:23 INFO  [THXU-Auth,,,] main com.netflix.config.sources.URLConfigurationSource To enable URLs as dynamic configuration sources, define System property archaius.configurationSource.additionalUrls or make config.properties available on classpath.
2020-08-17 12:11:24 INFO  [THXU-Auth,,,] main org.springframework.scheduling.concurrent.ThreadPoolTaskExecutor Initializing ExecutorService 'applicationTaskExecutor'
2020-08-17 12:11:24 INFO  [THXU-Auth,,,] main org.springframework.scheduling.concurrent.ThreadPoolTaskScheduler Initializing ExecutorService
2020-08-17 12:11:24 INFO  [THXU-Auth,,,] main org.springframework.boot.actuate.endpoint.web.EndpointLinksResolver Exposing 20 endpoint(s) beneath base path '/actuator'
2020-08-17 12:11:25 INFO  [THXU-Auth,,,] main org.springframework.cloud.netflix.eureka.InstanceInfoFactory Setting initial instance status as: STARTING
2020-08-17 12:11:25 INFO  [THXU-Auth,,,] main com.netflix.discovery.DiscoveryClient Initializing Eureka in region us-east-1
2020-08-17 12:11:25 INFO  [THXU-Auth,,,] main com.netflix.discovery.provider.DiscoveryJerseyProvider Using JSON encoding codec LegacyJacksonJson
2020-08-17 12:11:25 INFO  [THXU-Auth,,,] main com.netflix.discovery.provider.DiscoveryJerseyProvider Using JSON decoding codec LegacyJacksonJson
2020-08-17 12:11:25 INFO  [THXU-Auth,,,] main com.netflix.discovery.provider.DiscoveryJerseyProvider Using XML encoding codec XStreamXml
2020-08-17 12:11:25 INFO  [THXU-Auth,,,] main com.netflix.discovery.provider.DiscoveryJerseyProvider Using XML decoding codec XStreamXml
2020-08-17 12:11:25 INFO  [THXU-Auth,,,] main com.netflix.discovery.shared.resolver.aws.ConfigClusterResolver Resolving eureka endpoints via configuration
2020-08-17 12:11:25 INFO  [THXU-Auth,,,] main com.netflix.discovery.DiscoveryClient Disable delta property : false
2020-08-17 12:11:25 INFO  [THXU-Auth,,,] main com.netflix.discovery.DiscoveryClient Single vip registry refresh property : null
2020-08-17 12:11:25 INFO  [THXU-Auth,,,] main com.netflix.discovery.DiscoveryClient Force full registry fetch : false
2020-08-17 12:11:25 INFO  [THXU-Auth,,,] main com.netflix.discovery.DiscoveryClient Application is null : false
2020-08-17 12:11:25 INFO  [THXU-Auth,,,] main com.netflix.discovery.DiscoveryClient Registered Applications size is zero : true
2020-08-17 12:11:25 INFO  [THXU-Auth,,,] main com.netflix.discovery.DiscoveryClient Application version is -1: true
2020-08-17 12:11:25 INFO  [THXU-Auth,,,] main com.netflix.discovery.DiscoveryClient Getting all instance registry info from the eureka server
2020-08-17 12:11:26 INFO  [THXU-Auth,,,] main com.netflix.discovery.DiscoveryClient The response status is 200
2020-08-17 12:11:26 INFO  [THXU-Auth,,,] main com.netflix.discovery.DiscoveryClient Starting heartbeat executor: renew interval is: 20
2020-08-17 12:11:26 INFO  [THXU-Auth,,,] main com.netflix.discovery.InstanceInfoReplicator InstanceInfoReplicator onDemand update allowed rate per min is 4
2020-08-17 12:11:26 INFO  [THXU-Auth,,,] main com.netflix.discovery.DiscoveryClient Discovery Client initialized at timestamp 1597637486087 with initial instances count: 0
2020-08-17 12:11:26 INFO  [THXU-Auth,,,] main org.springframework.cloud.netflix.eureka.serviceregistry.EurekaServiceRegistry Registering application THXU-AUTH with eureka with status UP
2020-08-17 12:11:26 INFO  [THXU-Auth,,,] main com.netflix.discovery.DiscoveryClient Saw local status change event StatusChangeEvent [timestamp=1597637486090, current=UP, previous=STARTING]
2020-08-17 12:11:26 INFO  [THXU-Auth,,,] DiscoveryClient-InstanceInfoReplicator-0 com.netflix.discovery.DiscoveryClient DiscoveryClient_THXU-AUTH/DESKTOP-40N1SAQ:THXU-Auth:8101: registering service...
2020-08-17 12:11:26 INFO  [THXU-Auth,,,] main org.apache.coyote.http11.Http11NioProtocol Starting ProtocolHandler ["http-nio-8101"]
2020-08-17 12:11:26 INFO  [THXU-Auth,,,] main org.springframework.boot.web.embedded.tomcat.TomcatWebServer Tomcat started on port(s): 8101 (http) with context path ''
2020-08-17 12:11:26 INFO  [THXU-Auth,,,] main org.springframework.cloud.netflix.eureka.serviceregistry.EurekaAutoServiceRegistration Updating port to 8101
2020-08-17 12:11:26 INFO  [THXU-Auth,,,] main com.kk.thxu.auth.ThxuAuthApplication Started ThxuAuthApplication in 7.53 seconds (JVM running for 8.42)
2020-08-17 12:11:26 INFO  [THXU-Auth,,,] DiscoveryClient-InstanceInfoReplicator-0 com.netflix.discovery.DiscoveryClient DiscoveryClient_THXU-AUTH/DESKTOP-40N1SAQ:THXU-Auth:8101 - registration status: 204
2020-08-17 12:11:26 INFO  [THXU-Auth,,,] RMI TCP Connection(3)-192.168.10.1 org.apache.catalina.core.ContainerBase.[Tomcat].[localhost].[/] Initializing Spring DispatcherServlet 'dispatcherServlet'
2020-08-17 12:11:26 INFO  [THXU-Auth,,,] RMI TCP Connection(3)-192.168.10.1 org.springframework.web.servlet.DispatcherServlet Initializing Servlet 'dispatcherServlet'
2020-08-17 12:11:26 INFO  [THXU-Auth,,,] RMI TCP Connection(3)-192.168.10.1 org.springframework.web.servlet.DispatcherServlet Completed initialization in 7 ms
2020-08-17 12:11:26 INFO  [THXU-Auth,,,] parallel-1 io.lettuce.core.EpollProvider Starting without optional epoll library
2020-08-17 12:11:26 INFO  [THXU-Auth,,,] parallel-1 io.lettuce.core.KqueueProvider Starting without optional kqueue library
2020-08-17 12:11:29 INFO  [THXU-Auth,,,] DiscoveryClient-CacheRefreshExecutor-0 com.netflix.discovery.DiscoveryClient Disable delta property : false
2020-08-17 12:11:29 INFO  [THXU-Auth,,,] DiscoveryClient-CacheRefreshExecutor-0 com.netflix.discovery.DiscoveryClient Single vip registry refresh property : null
2020-08-17 12:11:29 INFO  [THXU-Auth,,,] DiscoveryClient-CacheRefreshExecutor-0 com.netflix.discovery.DiscoveryClient Force full registry fetch : false
2020-08-17 12:11:29 INFO  [THXU-Auth,,,] DiscoveryClient-CacheRefreshExecutor-0 com.netflix.discovery.DiscoveryClient Application is null : false
2020-08-17 12:11:29 INFO  [THXU-Auth,,,] DiscoveryClient-CacheRefreshExecutor-0 com.netflix.discovery.DiscoveryClient Registered Applications size is zero : true
2020-08-17 12:11:29 INFO  [THXU-Auth,,,] DiscoveryClient-CacheRefreshExecutor-0 com.netflix.discovery.DiscoveryClient Application version is -1: false
2020-08-17 12:11:29 INFO  [THXU-Auth,,,] DiscoveryClient-CacheRefreshExecutor-0 com.netflix.discovery.DiscoveryClient Getting all instance registry info from the eureka server
2020-08-17 12:11:29 INFO  [THXU-Auth,,,] DiscoveryClient-CacheRefreshExecutor-0 com.netflix.discovery.DiscoveryClient The response status is 200
2020-08-17 12:11:32 INFO  [THXU-Auth,,,] DiscoveryClient-CacheRefreshExecutor-0 com.netflix.discovery.DiscoveryClient Disable delta property : false
2020-08-17 12:11:32 INFO  [THXU-Auth,,,] DiscoveryClient-CacheRefreshExecutor-0 com.netflix.discovery.DiscoveryClient Single vip registry refresh property : null
2020-08-17 12:11:32 INFO  [THXU-Auth,,,] DiscoveryClient-CacheRefreshExecutor-0 com.netflix.discovery.DiscoveryClient Force full registry fetch : false
2020-08-17 12:11:32 INFO  [THXU-Auth,,,] DiscoveryClient-CacheRefreshExecutor-0 com.netflix.discovery.DiscoveryClient Application is null : false
2020-08-17 12:11:32 INFO  [THXU-Auth,,,] DiscoveryClient-CacheRefreshExecutor-0 com.netflix.discovery.DiscoveryClient Registered Applications size is zero : true
2020-08-17 12:11:32 INFO  [THXU-Auth,,,] DiscoveryClient-CacheRefreshExecutor-0 com.netflix.discovery.DiscoveryClient Application version is -1: false
2020-08-17 12:11:32 INFO  [THXU-Auth,,,] DiscoveryClient-CacheRefreshExecutor-0 com.netflix.discovery.DiscoveryClient Getting all instance registry info from the eureka server
2020-08-17 12:11:32 INFO  [THXU-Auth,,,] DiscoveryClient-CacheRefreshExecutor-0 com.netflix.discovery.DiscoveryClient The response status is 200
2020-08-17 12:11:56 INFO  [THXU-Auth,,,] registrationTask1 de.codecentric.boot.admin.client.registration.ApplicationRegistrator Application registered itself as dc6249057b8d
2020-08-17 12:11:56 INFO  [THXU-Auth,,,] http-nio-8101-exec-8 org.apache.catalina.core.ContainerBase.[Tomcat].[localhost].[/] jolokia-actuator-endpoint: No access restrictor found, access to any MBean is allowed
2020-08-17 12:16:25 INFO  [THXU-Auth,,,] AsyncResolver-bootstrap-executor-0 com.netflix.discovery.shared.resolver.aws.ConfigClusterResolver Resolving eureka endpoints via configuration
2020-08-17 12:21:25 INFO  [THXU-Auth,,,] AsyncResolver-bootstrap-executor-0 com.netflix.discovery.shared.resolver.aws.ConfigClusterResolver Resolving eureka endpoints via configuration
2020-08-17 12:26:25 INFO  [THXU-Auth,,,] AsyncResolver-bootstrap-executor-0 com.netflix.discovery.shared.resolver.aws.ConfigClusterResolver Resolving eureka endpoints via configuration
2020-08-17 12:31:25 INFO  [THXU-Auth,,,] AsyncResolver-bootstrap-executor-0 com.netflix.discovery.shared.resolver.aws.ConfigClusterResolver Resolving eureka endpoints via configuration
2020-08-17 12:36:25 INFO  [THXU-Auth,,,] AsyncResolver-bootstrap-executor-0 com.netflix.discovery.shared.resolver.aws.ConfigClusterResolver Resolving eureka endpoints via configuration
2020-08-17 12:41:25 INFO  [THXU-Auth,,,] AsyncResolver-bootstrap-executor-0 com.netflix.discovery.shared.resolver.aws.ConfigClusterResolver Resolving eureka endpoints via configuration
2020-08-17 12:46:25 INFO  [THXU-Auth,,,] AsyncResolver-bootstrap-executor-0 com.netflix.discovery.shared.resolver.aws.ConfigClusterResolver Resolving eureka endpoints via configuration
2020-08-17 12:51:25 INFO  [THXU-Auth,,,] AsyncResolver-bootstrap-executor-0 com.netflix.discovery.shared.resolver.aws.ConfigClusterResolver Resolving eureka endpoints via configuration
2020-08-17 12:56:25 INFO  [THXU-Auth,,,] AsyncResolver-bootstrap-executor-0 com.netflix.discovery.shared.resolver.aws.ConfigClusterResolver Resolving eureka endpoints via configuration
2020-08-17 13:01:25 INFO  [THXU-Auth,,,] AsyncResolver-bootstrap-executor-0 com.netflix.discovery.shared.resolver.aws.ConfigClusterResolver Resolving eureka endpoints via configuration
2020-08-17 13:06:25 INFO  [THXU-Auth,,,] AsyncResolver-bootstrap-executor-0 com.netflix.discovery.shared.resolver.aws.ConfigClusterResolver Resolving eureka endpoints via configuration
2020-08-17 13:11:25 INFO  [THXU-Auth,,,] AsyncResolver-bootstrap-executor-0 com.netflix.discovery.shared.resolver.aws.ConfigClusterResolver Resolving eureka endpoints via configuration
2020-08-17 13:16:25 INFO  [THXU-Auth,,,] AsyncResolver-bootstrap-executor-0 com.netflix.discovery.shared.resolver.aws.ConfigClusterResolver Resolving eureka endpoints via configuration
2020-08-17 13:21:25 INFO  [THXU-Auth,,,] AsyncResolver-bootstrap-executor-0 com.netflix.discovery.shared.resolver.aws.ConfigClusterResolver Resolving eureka endpoints via configuration
2020-08-17 13:26:25 INFO  [THXU-Auth,,,] AsyncResolver-bootstrap-executor-0 com.netflix.discovery.shared.resolver.aws.ConfigClusterResolver Resolving eureka endpoints via configuration
2020-08-17 13:31:25 INFO  [THXU-Auth,,,] AsyncResolver-bootstrap-executor-0 com.netflix.discovery.shared.resolver.aws.ConfigClusterResolver Resolving eureka endpoints via configuration
2020-08-17 13:36:25 INFO  [THXU-Auth,,,] AsyncResolver-bootstrap-executor-0 com.netflix.discovery.shared.resolver.aws.ConfigClusterResolver Resolving eureka endpoints via configuration
2020-08-17 13:41:25 INFO  [THXU-Auth,,,] AsyncResolver-bootstrap-executor-0 com.netflix.discovery.shared.resolver.aws.ConfigClusterResolver Resolving eureka endpoints via configuration
2020-08-17 13:46:25 INFO  [THXU-Auth,,,] AsyncResolver-bootstrap-executor-0 com.netflix.discovery.shared.resolver.aws.ConfigClusterResolver Resolving eureka endpoints via configuration
2020-08-17 13:51:25 INFO  [THXU-Auth,,,] AsyncResolver-bootstrap-executor-0 com.netflix.discovery.shared.resolver.aws.ConfigClusterResolver Resolving eureka endpoints via configuration
2020-08-17 13:56:25 INFO  [THXU-Auth,,,] AsyncResolver-bootstrap-executor-0 com.netflix.discovery.shared.resolver.aws.ConfigClusterResolver Resolving eureka endpoints via configuration
2020-08-17 14:01:25 INFO  [THXU-Auth,,,] AsyncResolver-bootstrap-executor-0 com.netflix.discovery.shared.resolver.aws.ConfigClusterResolver Resolving eureka endpoints via configuration
2020-08-17 14:06:25 INFO  [THXU-Auth,,,] AsyncResolver-bootstrap-executor-0 com.netflix.discovery.shared.resolver.aws.ConfigClusterResolver Resolving eureka endpoints via configuration
2020-08-17 14:11:25 INFO  [THXU-Auth,,,] AsyncResolver-bootstrap-executor-0 com.netflix.discovery.shared.resolver.aws.ConfigClusterResolver Resolving eureka endpoints via configuration
2020-08-17 14:16:25 INFO  [THXU-Auth,,,] AsyncResolver-bootstrap-executor-0 com.netflix.discovery.shared.resolver.aws.ConfigClusterResolver Resolving eureka endpoints via configuration
2020-08-17 14:21:25 INFO  [THXU-Auth,,,] AsyncResolver-bootstrap-executor-0 com.netflix.discovery.shared.resolver.aws.ConfigClusterResolver Resolving eureka endpoints via configuration
2020-08-17 14:26:25 INFO  [THXU-Auth,,,] AsyncResolver-bootstrap-executor-0 com.netflix.discovery.shared.resolver.aws.ConfigClusterResolver Resolving eureka endpoints via configuration
2020-08-17 14:31:25 INFO  [THXU-Auth,,,] AsyncResolver-bootstrap-executor-0 com.netflix.discovery.shared.resolver.aws.ConfigClusterResolver Resolving eureka endpoints via configuration
2020-08-17 14:36:25 INFO  [THXU-Auth,,,] AsyncResolver-bootstrap-executor-0 com.netflix.discovery.shared.resolver.aws.ConfigClusterResolver Resolving eureka endpoints via configuration
2020-08-17 14:41:25 INFO  [THXU-Auth,,,] AsyncResolver-bootstrap-executor-0 com.netflix.discovery.shared.resolver.aws.ConfigClusterResolver Resolving eureka endpoints via configuration
2020-08-17 14:46:23 INFO  [THXU-Auth,,,] AsyncResolver-bootstrap-executor-0 com.netflix.discovery.shared.resolver.aws.ConfigClusterResolver Resolving eureka endpoints via configuration
2020-08-17 14:51:23 INFO  [THXU-Auth,,,] AsyncResolver-bootstrap-executor-0 com.netflix.discovery.shared.resolver.aws.ConfigClusterResolver Resolving eureka endpoints via configuration
2020-08-17 14:56:23 INFO  [THXU-Auth,,,] AsyncResolver-bootstrap-executor-0 com.netflix.discovery.shared.resolver.aws.ConfigClusterResolver Resolving eureka endpoints via configuration
2020-08-17 15:01:23 INFO  [THXU-Auth,,,] AsyncResolver-bootstrap-executor-0 com.netflix.discovery.shared.resolver.aws.ConfigClusterResolver Resolving eureka endpoints via configuration
2020-08-17 15:06:23 INFO  [THXU-Auth,,,] AsyncResolver-bootstrap-executor-0 com.netflix.discovery.shared.resolver.aws.ConfigClusterResolver Resolving eureka endpoints via configuration
2020-08-17 15:11:23 INFO  [THXU-Auth,,,] AsyncResolver-bootstrap-executor-0 com.netflix.discovery.shared.resolver.aws.ConfigClusterResolver Resolving eureka endpoints via configuration
2020-08-17 15:16:23 INFO  [THXU-Auth,,,] AsyncResolver-bootstrap-executor-0 com.netflix.discovery.shared.resolver.aws.ConfigClusterResolver Resolving eureka endpoints via configuration
2020-08-17 15:21:23 INFO  [THXU-Auth,,,] AsyncResolver-bootstrap-executor-0 com.netflix.discovery.shared.resolver.aws.ConfigClusterResolver Resolving eureka endpoints via configuration
2020-08-17 15:26:23 INFO  [THXU-Auth,,,] AsyncResolver-bootstrap-executor-0 com.netflix.discovery.shared.resolver.aws.ConfigClusterResolver Resolving eureka endpoints via configuration
2020-08-17 15:31:23 INFO  [THXU-Auth,,,] AsyncResolver-bootstrap-executor-0 com.netflix.discovery.shared.resolver.aws.ConfigClusterResolver Resolving eureka endpoints via configuration
2020-08-17 15:36:23 INFO  [THXU-Auth,,,] AsyncResolver-bootstrap-executor-0 com.netflix.discovery.shared.resolver.aws.ConfigClusterResolver Resolving eureka endpoints via configuration
2020-08-17 15:41:23 INFO  [THXU-Auth,,,] AsyncResolver-bootstrap-executor-0 com.netflix.discovery.shared.resolver.aws.ConfigClusterResolver Resolving eureka endpoints via configuration
2020-08-17 15:46:25 INFO  [THXU-Auth,,,] AsyncResolver-bootstrap-executor-0 com.netflix.discovery.shared.resolver.aws.ConfigClusterResolver Resolving eureka endpoints via configuration
2020-08-17 15:51:25 INFO  [THXU-Auth,,,] AsyncResolver-bootstrap-executor-0 com.netflix.discovery.shared.resolver.aws.ConfigClusterResolver Resolving eureka endpoints via configuration
2020-08-17 15:56:25 INFO  [THXU-Auth,,,] AsyncResolver-bootstrap-executor-0 com.netflix.discovery.shared.resolver.aws.ConfigClusterResolver Resolving eureka endpoints via configuration
2020-08-17 16:01:25 INFO  [THXU-Auth,,,] AsyncResolver-bootstrap-executor-0 com.netflix.discovery.shared.resolver.aws.ConfigClusterResolver Resolving eureka endpoints via configuration
2020-08-17 16:06:25 INFO  [THXU-Auth,,,] AsyncResolver-bootstrap-executor-0 com.netflix.discovery.shared.resolver.aws.ConfigClusterResolver Resolving eureka endpoints via configuration
2020-08-17 16:11:25 INFO  [THXU-Auth,,,] AsyncResolver-bootstrap-executor-0 com.netflix.discovery.shared.resolver.aws.ConfigClusterResolver Resolving eureka endpoints via configuration
2020-08-17 16:16:25 INFO  [THXU-Auth,,,] AsyncResolver-bootstrap-executor-0 com.netflix.discovery.shared.resolver.aws.ConfigClusterResolver Resolving eureka endpoints via configuration
2020-08-17 16:21:25 INFO  [THXU-Auth,,,] AsyncResolver-bootstrap-executor-0 com.netflix.discovery.shared.resolver.aws.ConfigClusterResolver Resolving eureka endpoints via configuration
2020-08-17 16:26:25 INFO  [THXU-Auth,,,] AsyncResolver-bootstrap-executor-0 com.netflix.discovery.shared.resolver.aws.ConfigClusterResolver Resolving eureka endpoints via configuration
2020-08-17 16:31:25 INFO  [THXU-Auth,,,] AsyncResolver-bootstrap-executor-0 com.netflix.discovery.shared.resolver.aws.ConfigClusterResolver Resolving eureka endpoints via configuration
2020-08-17 16:36:25 INFO  [THXU-Auth,,,] AsyncResolver-bootstrap-executor-0 com.netflix.discovery.shared.resolver.aws.ConfigClusterResolver Resolving eureka endpoints via configuration
2020-08-17 16:41:25 INFO  [THXU-Auth,,,] AsyncResolver-bootstrap-executor-0 com.netflix.discovery.shared.resolver.aws.ConfigClusterResolver Resolving eureka endpoints via configuration
2020-08-17 16:46:25 INFO  [THXU-Auth,,,] AsyncResolver-bootstrap-executor-0 com.netflix.discovery.shared.resolver.aws.ConfigClusterResolver Resolving eureka endpoints via configuration
