2020-08-17 12:11:45 INFO  [springAppName_IS_UNDEFINED,,,] main org.springframework.context.support.PostProcessorRegistrationDelegate$BeanPostProcessorChecker Bean 'org.springframework.cloud.autoconfigure.ConfigurationPropertiesRebinderAutoConfiguration' of type [org.springframework.cloud.autoconfigure.ConfigurationPropertiesRebinderAutoConfiguration$$EnhancerBySpringCGLIB$$fb8dcd06] is not eligible for getting processed by all BeanPostProcessors (for example: not eligible for auto-proxying)
2020-08-17 12:11:46 INFO  [THXU-Gateway,,,] main com.kk.thxu.gateway.ThxuGatewayApplication No active profile set, falling back to default profiles: default
2020-08-17 12:11:46 INFO  [THXU-Gateway,,,] main org.springframework.data.repository.config.RepositoryConfigurationDelegate Multiple Spring Data modules found, entering strict repository configuration mode!
2020-08-17 12:11:46 INFO  [THXU-Gateway,,,] main org.springframework.data.repository.config.RepositoryConfigurationDelegate Bootstrapping Spring Data repositories in DEFAULT mode.
2020-08-17 12:11:46 INFO  [THXU-Gateway,,,] main org.springframework.data.repository.config.RepositoryConfigurationDelegate Finished Spring Data repository scanning in 13ms. Found 0 repository interfaces.
2020-08-17 12:11:47 INFO  [THXU-Gateway,,,] main org.springframework.cloud.context.scope.GenericScope BeanFactory id=f224cf15-ce94-3713-b0cb-3e9a4d382af9
2020-08-17 12:11:47 INFO  [THXU-Gateway,,,] main org.springframework.context.support.PostProcessorRegistrationDelegate$BeanPostProcessorChecker Bean 'org.springframework.cloud.autoconfigure.ConfigurationPropertiesRebinderAutoConfiguration' of type [org.springframework.cloud.autoconfigure.ConfigurationPropertiesRebinderAutoConfiguration$$EnhancerBySpringCGLIB$$fb8dcd06] is not eligible for getting processed by all BeanPostProcessors (for example: not eligible for auto-proxying)
2020-08-17 12:11:47 INFO  [THXU-Gateway,,,] main org.springframework.boot.web.embedded.tomcat.TomcatWebServer Tomcat initialized with port(s): 8301 (http)
2020-08-17 12:11:47 INFO  [THXU-Gateway,,,] main org.apache.coyote.http11.Http11NioProtocol Initializing ProtocolHandler ["http-nio-8301"]
2020-08-17 12:11:47 INFO  [THXU-Gateway,,,] main org.apache.catalina.core.StandardService Starting service [Tomcat]
2020-08-17 12:11:47 INFO  [THXU-Gateway,,,] main org.apache.catalina.core.StandardEngine Starting Servlet engine: [Apache Tomcat/9.0.21]
2020-08-17 12:11:47 INFO  [THXU-Gateway,,,] main org.apache.catalina.core.ContainerBase.[Tomcat].[localhost].[/] Initializing Spring embedded WebApplicationContext
2020-08-17 12:11:47 INFO  [THXU-Gateway,,,] main org.springframework.web.context.ContextLoader Root WebApplicationContext: initialization completed in 1649 ms
2020-08-17 12:11:47 INFO  [THXU-Gateway,,,] main com.netflix.config.sources.URLConfigurationSource To enable URLs as dynamic configuration sources, define System property archaius.configurationSource.additionalUrls or make config.properties available on classpath.
2020-08-17 12:11:47 INFO  [THXU-Gateway,,,] main com.netflix.config.DynamicPropertyFactory DynamicPropertyFactory is initialized with configuration sources: com.netflix.config.ConcurrentCompositeConfiguration@3290b1a6
2020-08-17 12:11:49 INFO  [THXU-Gateway,,,] main org.springframework.boot.actuate.endpoint.web.ServletEndpointRegistrar Registered '/actuator/jolokia' to jolokia-actuator-endpoint
2020-08-17 12:11:49 INFO  [THXU-Gateway,,,] main org.springframework.boot.actuate.endpoint.web.ServletEndpointRegistrar Registered '/actuator/hystrix.stream' to hystrix.stream-actuator-endpoint
2020-08-17 12:11:49 INFO  [THXU-Gateway,,,] main org.springframework.boot.autoconfigure.security.servlet.UserDetailsServiceAutoConfiguration 

Using generated security password: 3c2bb169-143b-443e-b58a-7f69ad0aa8f3

2020-08-17 12:11:49 INFO  [THXU-Gateway,,,] main org.springframework.security.web.DefaultSecurityFilterChain Creating filter chain: any request, [org.springframework.security.web.context.request.async.WebAsyncManagerIntegrationFilter@ceb7701, org.springframework.security.web.context.SecurityContextPersistenceFilter@42a0786f, org.springframework.security.web.header.HeaderWriterFilter@37e7c4cc, org.springframework.security.web.authentication.logout.LogoutFilter@27e199ce, org.springframework.security.web.savedrequest.RequestCacheAwareFilter@203e705e, org.springframework.security.web.servletapi.SecurityContextHolderAwareRequestFilter@629075f4, org.springframework.security.web.authentication.AnonymousAuthenticationFilter@5e193ef5, org.springframework.security.web.session.SessionManagementFilter@45c80312, org.springframework.security.web.access.ExceptionTranslationFilter@16681017]
2020-08-17 12:11:49 INFO  [THXU-Gateway,,,] main com.netflix.config.sources.URLConfigurationSource To enable URLs as dynamic configuration sources, define System property archaius.configurationSource.additionalUrls or make config.properties available on classpath.
2020-08-17 12:11:50 INFO  [THXU-Gateway,,,] main org.springframework.scheduling.concurrent.ThreadPoolTaskExecutor Initializing ExecutorService 'applicationTaskExecutor'
2020-08-17 12:11:50 INFO  [THXU-Gateway,,,] main org.springframework.scheduling.concurrent.ThreadPoolTaskScheduler Initializing ExecutorService
2020-08-17 12:11:50 INFO  [THXU-Gateway,,,] main org.springframework.boot.actuate.endpoint.web.EndpointLinksResolver Exposing 23 endpoint(s) beneath base path '/actuator'
2020-08-17 12:11:50 INFO  [THXU-Gateway,,,] main org.springframework.cloud.netflix.zuul.ZuulFilterInitializer Starting filter initializer
2020-08-17 12:11:51 INFO  [THXU-Gateway,,,] main org.springframework.cloud.netflix.eureka.InstanceInfoFactory Setting initial instance status as: STARTING
2020-08-17 12:11:51 INFO  [THXU-Gateway,,,] main com.netflix.discovery.DiscoveryClient Initializing Eureka in region us-east-1
2020-08-17 12:11:51 INFO  [THXU-Gateway,,,] main com.netflix.discovery.provider.DiscoveryJerseyProvider Using JSON encoding codec LegacyJacksonJson
2020-08-17 12:11:51 INFO  [THXU-Gateway,,,] main com.netflix.discovery.provider.DiscoveryJerseyProvider Using JSON decoding codec LegacyJacksonJson
2020-08-17 12:11:51 INFO  [THXU-Gateway,,,] main com.netflix.discovery.provider.DiscoveryJerseyProvider Using XML encoding codec XStreamXml
2020-08-17 12:11:51 INFO  [THXU-Gateway,,,] main com.netflix.discovery.provider.DiscoveryJerseyProvider Using XML decoding codec XStreamXml
2020-08-17 12:11:51 INFO  [THXU-Gateway,,,] main com.netflix.discovery.shared.resolver.aws.ConfigClusterResolver Resolving eureka endpoints via configuration
2020-08-17 12:11:51 INFO  [THXU-Gateway,,,] main com.netflix.discovery.DiscoveryClient Disable delta property : false
2020-08-17 12:11:51 INFO  [THXU-Gateway,,,] main com.netflix.discovery.DiscoveryClient Single vip registry refresh property : null
2020-08-17 12:11:51 INFO  [THXU-Gateway,,,] main com.netflix.discovery.DiscoveryClient Force full registry fetch : false
2020-08-17 12:11:51 INFO  [THXU-Gateway,,,] main com.netflix.discovery.DiscoveryClient Application is null : false
2020-08-17 12:11:51 INFO  [THXU-Gateway,,,] main com.netflix.discovery.DiscoveryClient Registered Applications size is zero : true
2020-08-17 12:11:51 INFO  [THXU-Gateway,,,] main com.netflix.discovery.DiscoveryClient Application version is -1: true
2020-08-17 12:11:51 INFO  [THXU-Gateway,,,] main com.netflix.discovery.DiscoveryClient Getting all instance registry info from the eureka server
2020-08-17 12:11:51 INFO  [THXU-Gateway,,,] main com.netflix.discovery.DiscoveryClient The response status is 200
2020-08-17 12:11:51 INFO  [THXU-Gateway,,,] main com.netflix.discovery.DiscoveryClient Starting heartbeat executor: renew interval is: 20
2020-08-17 12:11:51 INFO  [THXU-Gateway,,,] main com.netflix.discovery.InstanceInfoReplicator InstanceInfoReplicator onDemand update allowed rate per min is 4
2020-08-17 12:11:51 INFO  [THXU-Gateway,,,] main com.netflix.discovery.DiscoveryClient Discovery Client initialized at timestamp 1597637511800 with initial instances count: 1
2020-08-17 12:11:51 INFO  [THXU-Gateway,,,] main org.springframework.cloud.netflix.eureka.serviceregistry.EurekaServiceRegistry Registering application THXU-GATEWAY with eureka with status UP
2020-08-17 12:11:51 INFO  [THXU-Gateway,,,] main com.netflix.discovery.DiscoveryClient Saw local status change event StatusChangeEvent [timestamp=1597637511802, current=UP, previous=STARTING]
2020-08-17 12:11:51 INFO  [THXU-Gateway,,,] DiscoveryClient-InstanceInfoReplicator-0 com.netflix.discovery.DiscoveryClient DiscoveryClient_THXU-GATEWAY/DESKTOP-40N1SAQ:THXU-Gateway:8301: registering service...
2020-08-17 12:11:51 INFO  [THXU-Gateway,,,] main org.apache.coyote.http11.Http11NioProtocol Starting ProtocolHandler ["http-nio-8301"]
2020-08-17 12:11:51 INFO  [THXU-Gateway,,,] DiscoveryClient-InstanceInfoReplicator-0 com.netflix.discovery.DiscoveryClient DiscoveryClient_THXU-GATEWAY/DESKTOP-40N1SAQ:THXU-Gateway:8301 - registration status: 204
2020-08-17 12:11:51 INFO  [THXU-Gateway,,,] main org.springframework.boot.web.embedded.tomcat.TomcatWebServer Tomcat started on port(s): 8301 (http) with context path ''
2020-08-17 12:11:51 INFO  [THXU-Gateway,,,] main org.springframework.cloud.netflix.eureka.serviceregistry.EurekaAutoServiceRegistration Updating port to 8301
2020-08-17 12:11:51 INFO  [THXU-Gateway,,,] main com.kk.thxu.gateway.ThxuGatewayApplication Started ThxuGatewayApplication in 7.4 seconds (JVM running for 8.24)
2020-08-17 12:11:52 INFO  [THXU-Gateway,,,] main com.netflix.config.ChainedDynamicProperty Flipping property: THXU-Auth.ribbon.ActiveConnectionsLimit to use NEXT property: niws.loadbalancer.availabilityFilteringRule.activeConnectionsLimit = 2147483647
2020-08-17 12:11:52 INFO  [THXU-Gateway,,,] main com.netflix.util.concurrent.ShutdownEnabledTimer Shutdown hook installed for: NFLoadBalancer-PingTimer-THXU-Auth
2020-08-17 12:11:52 INFO  [THXU-Gateway,,,] main com.netflix.loadbalancer.BaseLoadBalancer Client: THXU-Auth instantiated a LoadBalancer: DynamicServerListLoadBalancer:{NFLoadBalancer:name=THXU-Auth,current list of Servers=[],Load balancer stats=Zone stats: {},Server stats: []}ServerList:null
2020-08-17 12:11:52 INFO  [THXU-Gateway,,,] main com.netflix.loadbalancer.DynamicServerListLoadBalancer Using serverListUpdater PollingServerListUpdater
2020-08-17 12:11:52 INFO  [THXU-Gateway,,,] main com.netflix.config.ChainedDynamicProperty Flipping property: THXU-Auth.ribbon.ActiveConnectionsLimit to use NEXT property: niws.loadbalancer.availabilityFilteringRule.activeConnectionsLimit = 2147483647
2020-08-17 12:11:52 INFO  [THXU-Gateway,,,] main com.netflix.loadbalancer.DynamicServerListLoadBalancer DynamicServerListLoadBalancer for client THXU-Auth initialized: DynamicServerListLoadBalancer:{NFLoadBalancer:name=THXU-Auth,current list of Servers=[DESKTOP-40N1SAQ:8101],Load balancer stats=Zone stats: {defaultzone=[Zone:defaultzone;	Instance count:1;	Active connections count: 0;	Circuit breaker tripped count: 0;	Active connections per server: 0.0;]
},Server stats: [[Server:DESKTOP-40N1SAQ:8101;	Zone:defaultZone;	Total Requests:0;	Successive connection failure:0;	Total blackout seconds:0;	Last connection made:Thu Jan 01 08:00:00 CST 1970;	First connection made: Thu Jan 01 08:00:00 CST 1970;	Active Connections:0;	total failure count in last (1000) msecs:0;	average resp time:0.0;	90 percentile resp time:0.0;	95 percentile resp time:0.0;	min resp time:0.0;	max resp time:0.0;	stddev resp time:0.0]
]}ServerList:org.springframework.cloud.netflix.ribbon.eureka.DomainExtractingServerList@16c8e9b8
2020-08-17 12:11:52 INFO  [THXU-Gateway,,,] main com.netflix.config.ChainedDynamicProperty Flipping property: THXU-Server-System.ribbon.ActiveConnectionsLimit to use NEXT property: niws.loadbalancer.availabilityFilteringRule.activeConnectionsLimit = 2147483647
2020-08-17 12:11:52 INFO  [THXU-Gateway,,,] main com.netflix.util.concurrent.ShutdownEnabledTimer Shutdown hook installed for: NFLoadBalancer-PingTimer-THXU-Server-System
2020-08-17 12:11:52 INFO  [THXU-Gateway,,,] main com.netflix.loadbalancer.BaseLoadBalancer Client: THXU-Server-System instantiated a LoadBalancer: DynamicServerListLoadBalancer:{NFLoadBalancer:name=THXU-Server-System,current list of Servers=[],Load balancer stats=Zone stats: {},Server stats: []}ServerList:null
2020-08-17 12:11:52 INFO  [THXU-Gateway,,,] main com.netflix.loadbalancer.DynamicServerListLoadBalancer Using serverListUpdater PollingServerListUpdater
2020-08-17 12:11:52 INFO  [THXU-Gateway,,,] main com.netflix.loadbalancer.DynamicServerListLoadBalancer DynamicServerListLoadBalancer for client THXU-Server-System initialized: DynamicServerListLoadBalancer:{NFLoadBalancer:name=THXU-Server-System,current list of Servers=[],Load balancer stats=Zone stats: {},Server stats: []}ServerList:org.springframework.cloud.netflix.ribbon.eureka.DomainExtractingServerList@41581c3f
2020-08-17 12:11:52 INFO  [THXU-Gateway,,,] main com.netflix.config.ChainedDynamicProperty Flipping property: THXU-Server-Test.ribbon.ActiveConnectionsLimit to use NEXT property: niws.loadbalancer.availabilityFilteringRule.activeConnectionsLimit = 2147483647
2020-08-17 12:11:52 INFO  [THXU-Gateway,,,] main com.netflix.util.concurrent.ShutdownEnabledTimer Shutdown hook installed for: NFLoadBalancer-PingTimer-THXU-Server-Test
2020-08-17 12:11:52 INFO  [THXU-Gateway,,,] main com.netflix.loadbalancer.BaseLoadBalancer Client: THXU-Server-Test instantiated a LoadBalancer: DynamicServerListLoadBalancer:{NFLoadBalancer:name=THXU-Server-Test,current list of Servers=[],Load balancer stats=Zone stats: {},Server stats: []}ServerList:null
2020-08-17 12:11:52 INFO  [THXU-Gateway,,,] main com.netflix.loadbalancer.DynamicServerListLoadBalancer Using serverListUpdater PollingServerListUpdater
2020-08-17 12:11:52 INFO  [THXU-Gateway,,,] main com.netflix.loadbalancer.DynamicServerListLoadBalancer DynamicServerListLoadBalancer for client THXU-Server-Test initialized: DynamicServerListLoadBalancer:{NFLoadBalancer:name=THXU-Server-Test,current list of Servers=[],Load balancer stats=Zone stats: {},Server stats: []}ServerList:org.springframework.cloud.netflix.ribbon.eureka.DomainExtractingServerList@67a3dd86
2020-08-17 12:11:52 INFO  [THXU-Gateway,,,] registrationTask1 de.codecentric.boot.admin.client.registration.ApplicationRegistrator Application registered itself as e40379f3f50e
2020-08-17 12:11:52 INFO  [THXU-Gateway,,,] RMI TCP Connection(4)-192.168.10.1 org.apache.catalina.core.ContainerBase.[Tomcat].[localhost].[/] Initializing Spring DispatcherServlet 'dispatcherServlet'
2020-08-17 12:11:52 INFO  [THXU-Gateway,,,] RMI TCP Connection(4)-192.168.10.1 org.springframework.web.servlet.DispatcherServlet Initializing Servlet 'dispatcherServlet'
2020-08-17 12:11:52 INFO  [THXU-Gateway,,,] RMI TCP Connection(4)-192.168.10.1 org.springframework.web.servlet.DispatcherServlet Completed initialization in 9 ms
2020-08-17 12:11:52 INFO  [THXU-Gateway,,,] parallel-1 io.lettuce.core.EpollProvider Starting without optional epoll library
2020-08-17 12:11:52 INFO  [THXU-Gateway,,,] parallel-1 io.lettuce.core.KqueueProvider Starting without optional kqueue library
2020-08-17 12:11:53 INFO  [THXU-Gateway,,,] PollingServerListUpdater-0 com.netflix.config.ChainedDynamicProperty Flipping property: THXU-Auth.ribbon.ActiveConnectionsLimit to use NEXT property: niws.loadbalancer.availabilityFilteringRule.activeConnectionsLimit = 2147483647
2020-08-17 12:12:53 INFO  [THXU-Gateway,,,] PollingServerListUpdater-1 com.netflix.config.ChainedDynamicProperty Flipping property: THXU-Server-System.ribbon.ActiveConnectionsLimit to use NEXT property: niws.loadbalancer.availabilityFilteringRule.activeConnectionsLimit = 2147483647
2020-08-17 12:12:53 INFO  [THXU-Gateway,,,] PollingServerListUpdater-0 com.netflix.config.ChainedDynamicProperty Flipping property: THXU-Server-Test.ribbon.ActiveConnectionsLimit to use NEXT property: niws.loadbalancer.availabilityFilteringRule.activeConnectionsLimit = 2147483647
2020-08-17 12:16:51 INFO  [THXU-Gateway,,,] AsyncResolver-bootstrap-executor-0 com.netflix.discovery.shared.resolver.aws.ConfigClusterResolver Resolving eureka endpoints via configuration
2020-08-17 12:21:51 INFO  [THXU-Gateway,,,] AsyncResolver-bootstrap-executor-0 com.netflix.discovery.shared.resolver.aws.ConfigClusterResolver Resolving eureka endpoints via configuration
2020-08-17 12:26:51 INFO  [THXU-Gateway,,,] AsyncResolver-bootstrap-executor-0 com.netflix.discovery.shared.resolver.aws.ConfigClusterResolver Resolving eureka endpoints via configuration
2020-08-17 12:31:51 INFO  [THXU-Gateway,,,] AsyncResolver-bootstrap-executor-0 com.netflix.discovery.shared.resolver.aws.ConfigClusterResolver Resolving eureka endpoints via configuration
2020-08-17 12:36:51 INFO  [THXU-Gateway,,,] AsyncResolver-bootstrap-executor-0 com.netflix.discovery.shared.resolver.aws.ConfigClusterResolver Resolving eureka endpoints via configuration
2020-08-17 12:41:51 INFO  [THXU-Gateway,,,] AsyncResolver-bootstrap-executor-0 com.netflix.discovery.shared.resolver.aws.ConfigClusterResolver Resolving eureka endpoints via configuration
2020-08-17 12:46:51 INFO  [THXU-Gateway,,,] AsyncResolver-bootstrap-executor-0 com.netflix.discovery.shared.resolver.aws.ConfigClusterResolver Resolving eureka endpoints via configuration
2020-08-17 12:51:51 INFO  [THXU-Gateway,,,] AsyncResolver-bootstrap-executor-0 com.netflix.discovery.shared.resolver.aws.ConfigClusterResolver Resolving eureka endpoints via configuration
2020-08-17 12:56:51 INFO  [THXU-Gateway,,,] AsyncResolver-bootstrap-executor-0 com.netflix.discovery.shared.resolver.aws.ConfigClusterResolver Resolving eureka endpoints via configuration
2020-08-17 13:01:51 INFO  [THXU-Gateway,,,] AsyncResolver-bootstrap-executor-0 com.netflix.discovery.shared.resolver.aws.ConfigClusterResolver Resolving eureka endpoints via configuration
2020-08-17 13:06:51 INFO  [THXU-Gateway,,,] AsyncResolver-bootstrap-executor-0 com.netflix.discovery.shared.resolver.aws.ConfigClusterResolver Resolving eureka endpoints via configuration
2020-08-17 13:11:51 INFO  [THXU-Gateway,,,] AsyncResolver-bootstrap-executor-0 com.netflix.discovery.shared.resolver.aws.ConfigClusterResolver Resolving eureka endpoints via configuration
2020-08-17 13:16:51 INFO  [THXU-Gateway,,,] AsyncResolver-bootstrap-executor-0 com.netflix.discovery.shared.resolver.aws.ConfigClusterResolver Resolving eureka endpoints via configuration
2020-08-17 13:21:51 INFO  [THXU-Gateway,,,] AsyncResolver-bootstrap-executor-0 com.netflix.discovery.shared.resolver.aws.ConfigClusterResolver Resolving eureka endpoints via configuration
2020-08-17 13:26:51 INFO  [THXU-Gateway,,,] AsyncResolver-bootstrap-executor-0 com.netflix.discovery.shared.resolver.aws.ConfigClusterResolver Resolving eureka endpoints via configuration
2020-08-17 13:31:51 INFO  [THXU-Gateway,,,] AsyncResolver-bootstrap-executor-0 com.netflix.discovery.shared.resolver.aws.ConfigClusterResolver Resolving eureka endpoints via configuration
2020-08-17 13:36:51 INFO  [THXU-Gateway,,,] AsyncResolver-bootstrap-executor-0 com.netflix.discovery.shared.resolver.aws.ConfigClusterResolver Resolving eureka endpoints via configuration
2020-08-17 13:41:51 INFO  [THXU-Gateway,,,] AsyncResolver-bootstrap-executor-0 com.netflix.discovery.shared.resolver.aws.ConfigClusterResolver Resolving eureka endpoints via configuration
2020-08-17 13:46:50 INFO  [THXU-Gateway,,,] AsyncResolver-bootstrap-executor-0 com.netflix.discovery.shared.resolver.aws.ConfigClusterResolver Resolving eureka endpoints via configuration
2020-08-17 13:51:50 INFO  [THXU-Gateway,,,] AsyncResolver-bootstrap-executor-0 com.netflix.discovery.shared.resolver.aws.ConfigClusterResolver Resolving eureka endpoints via configuration
2020-08-17 13:56:50 INFO  [THXU-Gateway,,,] AsyncResolver-bootstrap-executor-0 com.netflix.discovery.shared.resolver.aws.ConfigClusterResolver Resolving eureka endpoints via configuration
2020-08-17 14:01:50 INFO  [THXU-Gateway,,,] AsyncResolver-bootstrap-executor-0 com.netflix.discovery.shared.resolver.aws.ConfigClusterResolver Resolving eureka endpoints via configuration
2020-08-17 14:06:50 INFO  [THXU-Gateway,,,] AsyncResolver-bootstrap-executor-0 com.netflix.discovery.shared.resolver.aws.ConfigClusterResolver Resolving eureka endpoints via configuration
2020-08-17 14:11:50 INFO  [THXU-Gateway,,,] AsyncResolver-bootstrap-executor-0 com.netflix.discovery.shared.resolver.aws.ConfigClusterResolver Resolving eureka endpoints via configuration
2020-08-17 14:16:50 INFO  [THXU-Gateway,,,] AsyncResolver-bootstrap-executor-0 com.netflix.discovery.shared.resolver.aws.ConfigClusterResolver Resolving eureka endpoints via configuration
2020-08-17 14:21:50 INFO  [THXU-Gateway,,,] AsyncResolver-bootstrap-executor-0 com.netflix.discovery.shared.resolver.aws.ConfigClusterResolver Resolving eureka endpoints via configuration
2020-08-17 14:26:50 INFO  [THXU-Gateway,,,] AsyncResolver-bootstrap-executor-0 com.netflix.discovery.shared.resolver.aws.ConfigClusterResolver Resolving eureka endpoints via configuration
2020-08-17 14:31:50 INFO  [THXU-Gateway,,,] AsyncResolver-bootstrap-executor-0 com.netflix.discovery.shared.resolver.aws.ConfigClusterResolver Resolving eureka endpoints via configuration
2020-08-17 14:36:50 INFO  [THXU-Gateway,,,] AsyncResolver-bootstrap-executor-0 com.netflix.discovery.shared.resolver.aws.ConfigClusterResolver Resolving eureka endpoints via configuration
2020-08-17 14:41:50 INFO  [THXU-Gateway,,,] AsyncResolver-bootstrap-executor-0 com.netflix.discovery.shared.resolver.aws.ConfigClusterResolver Resolving eureka endpoints via configuration
2020-08-17 14:46:49 INFO  [THXU-Gateway,,,] AsyncResolver-bootstrap-executor-0 com.netflix.discovery.shared.resolver.aws.ConfigClusterResolver Resolving eureka endpoints via configuration
2020-08-17 14:51:49 INFO  [THXU-Gateway,,,] AsyncResolver-bootstrap-executor-0 com.netflix.discovery.shared.resolver.aws.ConfigClusterResolver Resolving eureka endpoints via configuration
2020-08-17 14:56:49 INFO  [THXU-Gateway,,,] AsyncResolver-bootstrap-executor-0 com.netflix.discovery.shared.resolver.aws.ConfigClusterResolver Resolving eureka endpoints via configuration
2020-08-17 15:01:49 INFO  [THXU-Gateway,,,] AsyncResolver-bootstrap-executor-0 com.netflix.discovery.shared.resolver.aws.ConfigClusterResolver Resolving eureka endpoints via configuration
2020-08-17 15:06:49 INFO  [THXU-Gateway,,,] AsyncResolver-bootstrap-executor-0 com.netflix.discovery.shared.resolver.aws.ConfigClusterResolver Resolving eureka endpoints via configuration
2020-08-17 15:11:49 INFO  [THXU-Gateway,,,] AsyncResolver-bootstrap-executor-0 com.netflix.discovery.shared.resolver.aws.ConfigClusterResolver Resolving eureka endpoints via configuration
2020-08-17 15:16:49 INFO  [THXU-Gateway,,,] AsyncResolver-bootstrap-executor-0 com.netflix.discovery.shared.resolver.aws.ConfigClusterResolver Resolving eureka endpoints via configuration
2020-08-17 15:21:49 INFO  [THXU-Gateway,,,] AsyncResolver-bootstrap-executor-0 com.netflix.discovery.shared.resolver.aws.ConfigClusterResolver Resolving eureka endpoints via configuration
2020-08-17 15:26:49 INFO  [THXU-Gateway,,,] AsyncResolver-bootstrap-executor-0 com.netflix.discovery.shared.resolver.aws.ConfigClusterResolver Resolving eureka endpoints via configuration
2020-08-17 15:31:49 INFO  [THXU-Gateway,,,] AsyncResolver-bootstrap-executor-0 com.netflix.discovery.shared.resolver.aws.ConfigClusterResolver Resolving eureka endpoints via configuration
2020-08-17 15:36:49 INFO  [THXU-Gateway,,,] AsyncResolver-bootstrap-executor-0 com.netflix.discovery.shared.resolver.aws.ConfigClusterResolver Resolving eureka endpoints via configuration
2020-08-17 15:41:49 INFO  [THXU-Gateway,,,] AsyncResolver-bootstrap-executor-0 com.netflix.discovery.shared.resolver.aws.ConfigClusterResolver Resolving eureka endpoints via configuration
2020-08-17 15:46:51 INFO  [THXU-Gateway,,,] AsyncResolver-bootstrap-executor-0 com.netflix.discovery.shared.resolver.aws.ConfigClusterResolver Resolving eureka endpoints via configuration
2020-08-17 15:51:51 INFO  [THXU-Gateway,,,] AsyncResolver-bootstrap-executor-0 com.netflix.discovery.shared.resolver.aws.ConfigClusterResolver Resolving eureka endpoints via configuration
2020-08-17 15:56:51 INFO  [THXU-Gateway,,,] AsyncResolver-bootstrap-executor-0 com.netflix.discovery.shared.resolver.aws.ConfigClusterResolver Resolving eureka endpoints via configuration
2020-08-17 16:01:51 INFO  [THXU-Gateway,,,] AsyncResolver-bootstrap-executor-0 com.netflix.discovery.shared.resolver.aws.ConfigClusterResolver Resolving eureka endpoints via configuration
2020-08-17 16:06:51 INFO  [THXU-Gateway,,,] AsyncResolver-bootstrap-executor-0 com.netflix.discovery.shared.resolver.aws.ConfigClusterResolver Resolving eureka endpoints via configuration
2020-08-17 16:11:51 INFO  [THXU-Gateway,,,] AsyncResolver-bootstrap-executor-0 com.netflix.discovery.shared.resolver.aws.ConfigClusterResolver Resolving eureka endpoints via configuration
2020-08-17 16:16:51 INFO  [THXU-Gateway,,,] AsyncResolver-bootstrap-executor-0 com.netflix.discovery.shared.resolver.aws.ConfigClusterResolver Resolving eureka endpoints via configuration
2020-08-17 16:21:51 INFO  [THXU-Gateway,,,] AsyncResolver-bootstrap-executor-0 com.netflix.discovery.shared.resolver.aws.ConfigClusterResolver Resolving eureka endpoints via configuration
2020-08-17 16:26:51 INFO  [THXU-Gateway,,,] AsyncResolver-bootstrap-executor-0 com.netflix.discovery.shared.resolver.aws.ConfigClusterResolver Resolving eureka endpoints via configuration
2020-08-17 16:31:51 INFO  [THXU-Gateway,,,] AsyncResolver-bootstrap-executor-0 com.netflix.discovery.shared.resolver.aws.ConfigClusterResolver Resolving eureka endpoints via configuration
2020-08-17 16:36:51 INFO  [THXU-Gateway,,,] AsyncResolver-bootstrap-executor-0 com.netflix.discovery.shared.resolver.aws.ConfigClusterResolver Resolving eureka endpoints via configuration
2020-08-17 16:41:51 INFO  [THXU-Gateway,,,] AsyncResolver-bootstrap-executor-0 com.netflix.discovery.shared.resolver.aws.ConfigClusterResolver Resolving eureka endpoints via configuration
2020-08-17 16:46:51 INFO  [THXU-Gateway,,,] AsyncResolver-bootstrap-executor-0 com.netflix.discovery.shared.resolver.aws.ConfigClusterResolver Resolving eureka endpoints via configuration
