2020-09-04 19:51:00 INFO  [springAppName_IS_UNDEFINED,,,] main org.springframework.context.support.PostProcessorRegistrationDelegate$BeanPostProcessorChecker Bean 'org.springframework.cloud.autoconfigure.ConfigurationPropertiesRebinderAutoConfiguration' of type [org.springframework.cloud.autoconfigure.ConfigurationPropertiesRebinderAutoConfiguration$$EnhancerBySpringCGLIB$$429c57ea] is not eligible for getting processed by all BeanPostProcessors (for example: not eligible for auto-proxying)
2020-09-04 19:51:01 INFO  [THXU-Monitor-Admin,,,] main com.kk.thxu.monitor.admin.ThxuMonitorAdminApplication No active profile set, falling back to default profiles: default
2020-09-04 19:51:02 INFO  [THXU-Monitor-Admin,,,] main org.springframework.cloud.context.scope.GenericScope BeanFactory id=7efbbb7b-3341-339f-8798-3db110b164f6
2020-09-04 19:51:02 INFO  [THXU-Monitor-Admin,,,] main org.springframework.context.support.PostProcessorRegistrationDelegate$BeanPostProcessorChecker Bean 'org.springframework.cloud.autoconfigure.ConfigurationPropertiesRebinderAutoConfiguration' of type [org.springframework.cloud.autoconfigure.ConfigurationPropertiesRebinderAutoConfiguration$$EnhancerBySpringCGLIB$$429c57ea] is not eligible for getting processed by all BeanPostProcessors (for example: not eligible for auto-proxying)
2020-09-04 19:51:02 INFO  [THXU-Monitor-Admin,,,] main org.eclipse.jetty.util.log Logging initialized @4495ms to org.eclipse.jetty.util.log.Slf4jLog
2020-09-04 19:51:02 INFO  [THXU-Monitor-Admin,,,] main org.springframework.boot.web.embedded.jetty.JettyServletWebServerFactory Server initialized with port: 8401
2020-09-04 19:51:02 INFO  [THXU-Monitor-Admin,,,] main org.eclipse.jetty.server.Server jetty-9.4.19.v20190610; built: 2019-06-10T16:30:51.723Z; git: afcf563148970e98786327af5e07c261fda175d3; jvm 1.8.0_192-b12
2020-09-04 19:51:02 INFO  [THXU-Monitor-Admin,,,] main org.eclipse.jetty.server.handler.ContextHandler.application Initializing Spring embedded WebApplicationContext
2020-09-04 19:51:02 INFO  [THXU-Monitor-Admin,,,] main org.springframework.web.context.ContextLoader Root WebApplicationContext: initialization completed in 1205 ms
2020-09-04 19:51:02 INFO  [THXU-Monitor-Admin,,,] main org.eclipse.jetty.server.session DefaultSessionIdManager workerName=node0
2020-09-04 19:51:02 INFO  [THXU-Monitor-Admin,,,] main org.eclipse.jetty.server.session No SessionScavenger set, using defaults
2020-09-04 19:51:02 INFO  [THXU-Monitor-Admin,,,] main org.eclipse.jetty.server.session node0 Scavenging every 600000ms
2020-09-04 19:51:02 INFO  [THXU-Monitor-Admin,,,] main org.eclipse.jetty.server.handler.ContextHandler Started o.s.b.w.e.j.JettyEmbeddedWebAppContext@4d95a72e{application,/,[file:///C:/Users/13639/AppData/Local/Temp/jetty-docbase.5226633370766454261.8401/],AVAILABLE}
2020-09-04 19:51:02 INFO  [THXU-Monitor-Admin,,,] main org.eclipse.jetty.server.Server Started @5115ms
2020-09-04 19:51:03 INFO  [THXU-Monitor-Admin,,,] main org.springframework.security.web.DefaultSecurityFilterChain Creating filter chain: any request, [org.springframework.security.web.context.request.async.WebAsyncManagerIntegrationFilter@553bc36c, org.springframework.security.web.context.SecurityContextPersistenceFilter@503df2d0, org.springframework.security.web.header.HeaderWriterFilter@7f37b6d9, org.springframework.security.web.authentication.logout.LogoutFilter@60d40ff4, org.springframework.security.web.authentication.UsernamePasswordAuthenticationFilter@597f0937, org.springframework.security.web.authentication.www.BasicAuthenticationFilter@303f1234, org.springframework.security.web.savedrequest.RequestCacheAwareFilter@c269425, org.springframework.security.web.servletapi.SecurityContextHolderAwareRequestFilter@7847ef2c, org.springframework.security.web.authentication.AnonymousAuthenticationFilter@380e1909, org.springframework.security.web.session.SessionManagementFilter@22a10ac6, org.springframework.security.web.access.ExceptionTranslationFilter@1b495d4, org.springframework.security.web.access.intercept.FilterSecurityInterceptor@59ce792e]
2020-09-04 19:51:03 INFO  [THXU-Monitor-Admin,,,] main org.springframework.scheduling.concurrent.ThreadPoolTaskExecutor Initializing ExecutorService 'applicationTaskExecutor'
2020-09-04 19:51:04 INFO  [THXU-Monitor-Admin,,,] main org.springframework.boot.actuate.endpoint.web.EndpointLinksResolver Exposing 2 endpoint(s) beneath base path '/actuator'
2020-09-04 19:51:04 INFO  [THXU-Monitor-Admin,,,] main org.eclipse.jetty.server.handler.ContextHandler.application Initializing Spring DispatcherServlet 'dispatcherServlet'
2020-09-04 19:51:04 INFO  [THXU-Monitor-Admin,,,] main org.springframework.web.servlet.DispatcherServlet Initializing Servlet 'dispatcherServlet'
2020-09-04 19:51:04 INFO  [THXU-Monitor-Admin,,,] main org.springframework.web.servlet.DispatcherServlet Completed initialization in 5 ms
2020-09-04 19:51:04 INFO  [THXU-Monitor-Admin,,,] main org.eclipse.jetty.server.AbstractConnector Started ServerConnector@3d6a6bee{HTTP/1.1,[http/1.1]}{0.0.0.0:8401}
2020-09-04 19:51:04 INFO  [THXU-Monitor-Admin,,,] main org.springframework.boot.web.embedded.jetty.JettyWebServer Jetty started on port(s) 8401 (http/1.1) with context path '/'
2020-09-04 19:51:04 INFO  [THXU-Monitor-Admin,,,] main com.kk.thxu.monitor.admin.ThxuMonitorAdminApplication Started ThxuMonitorAdminApplication in 5.671 seconds (JVM running for 6.994)
2020-09-04 20:00:25 INFO  [THXU-Monitor-Admin,,,] reactor-http-nio-3 de.codecentric.boot.admin.server.services.StatusUpdater Couldn't retrieve status for Instance(id=f3be74e763ce, version=1, registration=Registration(name=THXU-Server-System, managementUrl=http://DESKTOP-40N1SAQ:8201/actuator, healthUrl=http://DESKTOP-40N1SAQ:8201/actuator/health, serviceUrl=http://DESKTOP-40N1SAQ:8201/, source=http-api), registered=true, statusInfo=StatusInfo(status=DOWN, details={error=Unauthorized, message=token无效, status=401}), statusTimestamp=2020-09-04T11:51:48.422Z, info=Info(values={}), endpoints=Endpoints(endpoints={health=Endpoint(id=health, url=http://DESKTOP-40N1SAQ:8201/actuator/health)}), buildVersion=null, tags=Tags(values={}))
io.netty.channel.ConnectTimeoutException: connection timed out: DESKTOP-40N1SAQ/192.168.10.1:8201
	at io.netty.channel.nio.AbstractNioChannel$AbstractNioUnsafe$1.run(AbstractNioChannel.java:267)
	at io.netty.util.concurrent.PromiseTask$RunnableAdapter.call(PromiseTask.java:38)
	at io.netty.util.concurrent.ScheduledFutureTask.run(ScheduledFutureTask.java:127)
	at io.netty.util.concurrent.AbstractEventExecutor.safeExecute(AbstractEventExecutor.java:163)
	at io.netty.util.concurrent.SingleThreadEventExecutor.runAllTasks(SingleThreadEventExecutor.java:405)
	at io.netty.channel.nio.NioEventLoop.run(NioEventLoop.java:500)
	at io.netty.util.concurrent.SingleThreadEventExecutor$5.run(SingleThreadEventExecutor.java:906)
	at io.netty.util.internal.ThreadExecutorMap$2.run(ThreadExecutorMap.java:74)
	at java.lang.Thread.run(Thread.java:748)
2020-09-04 21:22:27 INFO  [springAppName_IS_UNDEFINED,,,] main org.springframework.context.support.PostProcessorRegistrationDelegate$BeanPostProcessorChecker Bean 'org.springframework.cloud.autoconfigure.ConfigurationPropertiesRebinderAutoConfiguration' of type [org.springframework.cloud.autoconfigure.ConfigurationPropertiesRebinderAutoConfiguration$$EnhancerBySpringCGLIB$$5d4213f9] is not eligible for getting processed by all BeanPostProcessors (for example: not eligible for auto-proxying)
2020-09-04 21:22:28 INFO  [THXU-Monitor-Admin,,,] main com.kk.thxu.monitor.admin.ThxuMonitorAdminApplication No active profile set, falling back to default profiles: default
2020-09-04 21:22:28 INFO  [THXU-Monitor-Admin,,,] main org.springframework.cloud.context.scope.GenericScope BeanFactory id=7efbbb7b-3341-339f-8798-3db110b164f6
2020-09-04 21:22:28 INFO  [THXU-Monitor-Admin,,,] main org.springframework.context.support.PostProcessorRegistrationDelegate$BeanPostProcessorChecker Bean 'org.springframework.cloud.autoconfigure.ConfigurationPropertiesRebinderAutoConfiguration' of type [org.springframework.cloud.autoconfigure.ConfigurationPropertiesRebinderAutoConfiguration$$EnhancerBySpringCGLIB$$5d4213f9] is not eligible for getting processed by all BeanPostProcessors (for example: not eligible for auto-proxying)
2020-09-04 21:22:28 INFO  [THXU-Monitor-Admin,,,] main org.eclipse.jetty.util.log Logging initialized @3811ms to org.eclipse.jetty.util.log.Slf4jLog
2020-09-04 21:22:28 INFO  [THXU-Monitor-Admin,,,] main org.springframework.boot.web.embedded.jetty.JettyServletWebServerFactory Server initialized with port: 8401
2020-09-04 21:22:28 INFO  [THXU-Monitor-Admin,,,] main org.eclipse.jetty.server.Server jetty-9.4.19.v20190610; built: 2019-06-10T16:30:51.723Z; git: afcf563148970e98786327af5e07c261fda175d3; jvm 1.8.0_192-b12
2020-09-04 21:22:28 INFO  [THXU-Monitor-Admin,,,] main org.eclipse.jetty.server.handler.ContextHandler.application Initializing Spring embedded WebApplicationContext
2020-09-04 21:22:28 INFO  [THXU-Monitor-Admin,,,] main org.springframework.web.context.ContextLoader Root WebApplicationContext: initialization completed in 754 ms
2020-09-04 21:22:29 INFO  [THXU-Monitor-Admin,,,] main org.eclipse.jetty.server.session DefaultSessionIdManager workerName=node0
2020-09-04 21:22:29 INFO  [THXU-Monitor-Admin,,,] main org.eclipse.jetty.server.session No SessionScavenger set, using defaults
2020-09-04 21:22:29 INFO  [THXU-Monitor-Admin,,,] main org.eclipse.jetty.server.session node0 Scavenging every 660000ms
2020-09-04 21:22:29 INFO  [THXU-Monitor-Admin,,,] main org.eclipse.jetty.server.handler.ContextHandler Started o.s.b.w.e.j.JettyEmbeddedWebAppContext@44536de4{application,/,[file:///C:/Users/13639/AppData/Local/Temp/jetty-docbase.5313507672634695639.8401/],AVAILABLE}
2020-09-04 21:22:29 INFO  [THXU-Monitor-Admin,,,] main org.eclipse.jetty.server.Server Started @4168ms
2020-09-04 21:22:29 INFO  [THXU-Monitor-Admin,,,] main org.springframework.security.web.DefaultSecurityFilterChain Creating filter chain: any request, [org.springframework.security.web.context.request.async.WebAsyncManagerIntegrationFilter@57f847af, org.springframework.security.web.context.SecurityContextPersistenceFilter@22a10ac6, org.springframework.security.web.header.HeaderWriterFilter@1b495d4, org.springframework.security.web.authentication.logout.LogoutFilter@6a2c717f, org.springframework.security.web.authentication.UsernamePasswordAuthenticationFilter@1bb15351, org.springframework.security.web.authentication.www.BasicAuthenticationFilter@65d8dff8, org.springframework.security.web.savedrequest.RequestCacheAwareFilter@503df2d0, org.springframework.security.web.servletapi.SecurityContextHolderAwareRequestFilter@6614bd4b, org.springframework.security.web.authentication.AnonymousAuthenticationFilter@3ed34ef5, org.springframework.security.web.session.SessionManagementFilter@7f37b6d9, org.springframework.security.web.access.ExceptionTranslationFilter@534e58b6, org.springframework.security.web.access.intercept.FilterSecurityInterceptor@661d88a]
2020-09-04 21:22:29 INFO  [THXU-Monitor-Admin,,,] main org.springframework.scheduling.concurrent.ThreadPoolTaskExecutor Initializing ExecutorService 'applicationTaskExecutor'
2020-09-04 21:22:30 INFO  [THXU-Monitor-Admin,,,] main org.springframework.boot.actuate.endpoint.web.EndpointLinksResolver Exposing 2 endpoint(s) beneath base path '/actuator'
2020-09-04 21:22:30 INFO  [THXU-Monitor-Admin,,,] main org.eclipse.jetty.server.handler.ContextHandler.application Initializing Spring DispatcherServlet 'dispatcherServlet'
2020-09-04 21:22:30 INFO  [THXU-Monitor-Admin,,,] main org.springframework.web.servlet.DispatcherServlet Initializing Servlet 'dispatcherServlet'
2020-09-04 21:22:30 INFO  [THXU-Monitor-Admin,,,] main org.springframework.web.servlet.DispatcherServlet Completed initialization in 3 ms
2020-09-04 21:22:30 INFO  [THXU-Monitor-Admin,,,] main org.eclipse.jetty.server.AbstractConnector Started ServerConnector@732c9b5c{HTTP/1.1,[http/1.1]}{0.0.0.0:8401}
2020-09-04 21:22:30 INFO  [THXU-Monitor-Admin,,,] main org.springframework.boot.web.embedded.jetty.JettyWebServer Jetty started on port(s) 8401 (http/1.1) with context path '/'
2020-09-04 21:22:30 INFO  [THXU-Monitor-Admin,,,] main com.kk.thxu.monitor.admin.ThxuMonitorAdminApplication Started ThxuMonitorAdminApplication in 4.612 seconds (JVM running for 5.714)
2020-09-04 21:24:22 INFO  [THXU-Monitor-Admin,,,] reactor-http-nio-2 de.codecentric.boot.admin.server.services.StatusUpdater Couldn't retrieve status for Instance(id=f3be74e763ce, version=1, registration=Registration(name=THXU-Server-System, managementUrl=http://DESKTOP-40N1SAQ:8201/actuator, healthUrl=http://DESKTOP-40N1SAQ:8201/actuator/health, serviceUrl=http://DESKTOP-40N1SAQ:8201/, source=http-api), registered=true, statusInfo=StatusInfo(status=DOWN, details={error=Unauthorized, message=token无效, status=401}), statusTimestamp=2020-09-04T13:23:03.205Z, info=Info(values={}), endpoints=Endpoints(endpoints={health=Endpoint(id=health, url=http://DESKTOP-40N1SAQ:8201/actuator/health)}), buildVersion=null, tags=Tags(values={}))
io.netty.channel.ConnectTimeoutException: connection timed out: DESKTOP-40N1SAQ/192.168.10.1:8201
	at io.netty.channel.nio.AbstractNioChannel$AbstractNioUnsafe$1.run(AbstractNioChannel.java:267)
	at io.netty.util.concurrent.PromiseTask$RunnableAdapter.call(PromiseTask.java:38)
	at io.netty.util.concurrent.ScheduledFutureTask.run(ScheduledFutureTask.java:127)
	at io.netty.util.concurrent.AbstractEventExecutor.safeExecute(AbstractEventExecutor.java:163)
	at io.netty.util.concurrent.SingleThreadEventExecutor.runAllTasks(SingleThreadEventExecutor.java:405)
	at io.netty.channel.nio.NioEventLoop.run(NioEventLoop.java:500)
	at io.netty.util.concurrent.SingleThreadEventExecutor$5.run(SingleThreadEventExecutor.java:906)
	at io.netty.util.internal.ThreadExecutorMap$2.run(ThreadExecutorMap.java:74)
	at java.lang.Thread.run(Thread.java:748)
