2020-09-04 19:51:09 INFO  [springAppName_IS_UNDEFINED,,,] main org.springframework.context.support.PostProcessorRegistrationDelegate$BeanPostProcessorChecker Bean 'org.springframework.cloud.autoconfigure.ConfigurationPropertiesRebinderAutoConfiguration' of type [org.springframework.cloud.autoconfigure.ConfigurationPropertiesRebinderAutoConfiguration$$EnhancerBySpringCGLIB$$ce81d6ad] is not eligible for getting processed by all BeanPostProcessors (for example: not eligible for auto-proxying)
2020-09-04 19:51:09 INFO  [THXU-Server-System,,,] main com.kk.thxu.server.system.ThxuServerSystemApplication No active profile set, falling back to default profiles: default
2020-09-04 19:51:11 INFO  [THXU-Server-System,,,] main org.springframework.data.repository.config.RepositoryConfigurationDelegate Multiple Spring Data modules found, entering strict repository configuration mode!
2020-09-04 19:51:11 INFO  [THXU-Server-System,,,] main org.springframework.data.repository.config.RepositoryConfigurationDelegate Bootstrapping Spring Data repositories in DEFAULT mode.
2020-09-04 19:51:11 INFO  [THXU-Server-System,,,] main org.springframework.data.repository.config.RepositoryConfigurationDelegate Finished Spring Data repository scanning in 13ms. Found 0 repository interfaces.
2020-09-04 19:51:11 INFO  [THXU-Server-System,,,] main org.springframework.cloud.context.scope.GenericScope BeanFactory id=1dfbb7b9-2d4a-3ba9-b9d7-8d27164f9be3
2020-09-04 19:51:12 INFO  [THXU-Server-System,,,] main org.springframework.context.support.PostProcessorRegistrationDelegate$BeanPostProcessorChecker Bean 'spring.datasource.dynamic-com.baomidou.dynamic.datasource.spring.boot.autoconfigure.DynamicDataSourceProperties' of type [com.baomidou.dynamic.datasource.spring.boot.autoconfigure.DynamicDataSourceProperties] is not eligible for getting processed by all BeanPostProcessors (for example: not eligible for auto-proxying)
2020-09-04 19:51:12 INFO  [THXU-Server-System,,,] main org.springframework.context.support.PostProcessorRegistrationDelegate$BeanPostProcessorChecker Bean 'com.baomidou.dynamic.datasource.spring.boot.autoconfigure.DynamicDataSourceAutoConfiguration' of type [com.baomidou.dynamic.datasource.spring.boot.autoconfigure.DynamicDataSourceAutoConfiguration$$EnhancerBySpringCGLIB$$1bf64481] is not eligible for getting processed by all BeanPostProcessors (for example: not eligible for auto-proxying)
2020-09-04 19:51:12 INFO  [THXU-Server-System,,,] main org.springframework.context.support.PostProcessorRegistrationDelegate$BeanPostProcessorChecker Bean 'dsProcessor' of type [com.baomidou.dynamic.datasource.processor.DsHeaderProcessor] is not eligible for getting processed by all BeanPostProcessors (for example: not eligible for auto-proxying)
2020-09-04 19:51:12 INFO  [THXU-Server-System,,,] main org.springframework.context.support.PostProcessorRegistrationDelegate$BeanPostProcessorChecker Bean 'dynamicDatasourceAnnotationAdvisor' of type [com.baomidou.dynamic.datasource.aop.DynamicDataSourceAnnotationAdvisor] is not eligible for getting processed by all BeanPostProcessors (for example: not eligible for auto-proxying)
2020-09-04 19:51:12 INFO  [THXU-Server-System,,,] main org.springframework.context.support.PostProcessorRegistrationDelegate$BeanPostProcessorChecker Bean 'org.springframework.security.config.annotation.configuration.ObjectPostProcessorConfiguration' of type [org.springframework.security.config.annotation.configuration.ObjectPostProcessorConfiguration$$EnhancerBySpringCGLIB$$4b159bea] is not eligible for getting processed by all BeanPostProcessors (for example: not eligible for auto-proxying)
2020-09-04 19:51:12 INFO  [THXU-Server-System,,,] main org.springframework.context.support.PostProcessorRegistrationDelegate$BeanPostProcessorChecker Bean 'objectPostProcessor' of type [org.springframework.security.config.annotation.configuration.AutowireBeanFactoryObjectPostProcessor] is not eligible for getting processed by all BeanPostProcessors (for example: not eligible for auto-proxying)
2020-09-04 19:51:12 INFO  [THXU-Server-System,,,] main org.springframework.context.support.PostProcessorRegistrationDelegate$BeanPostProcessorChecker Bean 'org.springframework.security.access.expression.method.DefaultMethodSecurityExpressionHandler@72c4a3aa' of type [org.springframework.security.oauth2.provider.expression.OAuth2MethodSecurityExpressionHandler] is not eligible for getting processed by all BeanPostProcessors (for example: not eligible for auto-proxying)
2020-09-04 19:51:12 INFO  [THXU-Server-System,,,] main org.springframework.context.support.PostProcessorRegistrationDelegate$BeanPostProcessorChecker Bean 'org.springframework.security.config.annotation.method.configuration.GlobalMethodSecurityConfiguration' of type [org.springframework.security.config.annotation.method.configuration.GlobalMethodSecurityConfiguration$$EnhancerBySpringCGLIB$$6fea3e9c] is not eligible for getting processed by all BeanPostProcessors (for example: not eligible for auto-proxying)
2020-09-04 19:51:12 INFO  [THXU-Server-System,,,] main org.springframework.context.support.PostProcessorRegistrationDelegate$BeanPostProcessorChecker Bean 'methodSecurityMetadataSource' of type [org.springframework.security.access.method.DelegatingMethodSecurityMetadataSource] is not eligible for getting processed by all BeanPostProcessors (for example: not eligible for auto-proxying)
2020-09-04 19:51:12 INFO  [THXU-Server-System,,,] main org.springframework.context.support.PostProcessorRegistrationDelegate$BeanPostProcessorChecker Bean 'org.springframework.transaction.annotation.ProxyTransactionManagementConfiguration' of type [org.springframework.transaction.annotation.ProxyTransactionManagementConfiguration$$EnhancerBySpringCGLIB$$b267d3b0] is not eligible for getting processed by all BeanPostProcessors (for example: not eligible for auto-proxying)
2020-09-04 19:51:12 INFO  [THXU-Server-System,,,] main org.springframework.context.support.PostProcessorRegistrationDelegate$BeanPostProcessorChecker Bean 'org.springframework.cloud.autoconfigure.ConfigurationPropertiesRebinderAutoConfiguration' of type [org.springframework.cloud.autoconfigure.ConfigurationPropertiesRebinderAutoConfiguration$$EnhancerBySpringCGLIB$$ce81d6ad] is not eligible for getting processed by all BeanPostProcessors (for example: not eligible for auto-proxying)
2020-09-04 19:51:12 INFO  [THXU-Server-System,,,] main org.springframework.context.support.PostProcessorRegistrationDelegate$BeanPostProcessorChecker Bean 'org.springframework.cloud.sleuth.instrument.web.client.TraceWebClientAutoConfiguration$TraceOAuthConfiguration' of type [org.springframework.cloud.sleuth.instrument.web.client.TraceWebClientAutoConfiguration$TraceOAuthConfiguration$$EnhancerBySpringCGLIB$$f764660f] is not eligible for getting processed by all BeanPostProcessors (for example: not eligible for auto-proxying)
2020-09-04 19:51:12 INFO  [THXU-Server-System,,,] main org.springframework.boot.web.embedded.tomcat.TomcatWebServer Tomcat initialized with port(s): 8201 (http)
2020-09-04 19:51:12 INFO  [THXU-Server-System,,,] main org.apache.coyote.http11.Http11NioProtocol Initializing ProtocolHandler ["http-nio-8201"]
2020-09-04 19:51:12 INFO  [THXU-Server-System,,,] main org.apache.catalina.core.StandardService Starting service [Tomcat]
2020-09-04 19:51:12 INFO  [THXU-Server-System,,,] main org.apache.catalina.core.StandardEngine Starting Servlet engine: [Apache Tomcat/9.0.21]
2020-09-04 19:51:12 INFO  [THXU-Server-System,,,] main org.apache.catalina.core.ContainerBase.[Tomcat].[localhost].[/] Initializing Spring embedded WebApplicationContext
2020-09-04 19:51:12 INFO  [THXU-Server-System,,,] main org.springframework.web.context.ContextLoader Root WebApplicationContext: initialization completed in 2594 ms
2020-09-04 19:51:12 INFO  [THXU-Server-System,,,] main com.netflix.config.sources.URLConfigurationSource To enable URLs as dynamic configuration sources, define System property archaius.configurationSource.additionalUrls or make config.properties available on classpath.
2020-09-04 19:51:12 INFO  [THXU-Server-System,,,] main com.netflix.config.DynamicPropertyFactory DynamicPropertyFactory is initialized with configuration sources: com.netflix.config.ConcurrentCompositeConfiguration@506aa618
2020-09-04 19:51:13 INFO  [THXU-Server-System,,,] main com.baomidou.dynamic.datasource.DynamicRoutingDataSource 动态数据源-检测到并开启了p6spy
2020-09-04 19:51:13 INFO  [THXU-Server-System,,,] main com.zaxxer.hikari.HikariDataSource base - Starting...
2020-09-04 19:51:14 INFO  [THXU-Server-System,,,] main com.zaxxer.hikari.HikariDataSource base - Start completed.
2020-09-04 19:51:14 INFO  [THXU-Server-System,,,] main com.baomidou.dynamic.datasource.DynamicRoutingDataSource 初始共加载 1 个数据源
2020-09-04 19:51:14 INFO  [THXU-Server-System,,,] main com.baomidou.dynamic.datasource.DynamicRoutingDataSource 动态数据源-加载 base 成功
2020-09-04 19:51:14 INFO  [THXU-Server-System,,,] main com.baomidou.dynamic.datasource.DynamicRoutingDataSource 当前的默认数据源是单数据源，数据源名为 base
2020-09-04 19:51:15 INFO  [THXU-Server-System,,,] main org.springframework.boot.actuate.endpoint.web.ServletEndpointRegistrar Registered '/actuator/jolokia' to jolokia-actuator-endpoint
2020-09-04 19:51:16 INFO  [THXU-Server-System,,,] main org.springframework.boot.actuate.endpoint.web.EndpointLinksResolver Exposing 20 endpoint(s) beneath base path '/actuator'
2020-09-04 19:51:16 INFO  [THXU-Server-System,,,] main springfox.documentation.spring.web.PropertySourcedRequestMappingHandlerMapping Mapped URL path [/v2/api-docs] onto method [public org.springframework.http.ResponseEntity<springfox.documentation.spring.web.json.Json> springfox.documentation.swagger2.web.Swagger2Controller.getDocumentation(java.lang.String,javax.servlet.http.HttpServletRequest)]
2020-09-04 19:51:17 INFO  [THXU-Server-System,,,] main com.netflix.config.sources.URLConfigurationSource To enable URLs as dynamic configuration sources, define System property archaius.configurationSource.additionalUrls or make config.properties available on classpath.
2020-09-04 19:51:17 INFO  [THXU-Server-System,,,] main org.springframework.scheduling.concurrent.ThreadPoolTaskExecutor Initializing ExecutorService 'applicationTaskExecutor'
2020-09-04 19:51:17 INFO  [THXU-Server-System,,,] main org.springframework.scheduling.concurrent.ThreadPoolTaskScheduler Initializing ExecutorService
2020-09-04 19:51:18 INFO  [THXU-Server-System,,,] main org.springframework.boot.autoconfigure.security.servlet.UserDetailsServiceAutoConfiguration 

Using generated security password: 0e450b60-2c69-430b-add7-7bb88191ca81

2020-09-04 19:51:18 INFO  [THXU-Server-System,,,] main org.springframework.security.web.DefaultSecurityFilterChain Creating filter chain: OrRequestMatcher [requestMatchers=[Ant [pattern='/**']]], [org.springframework.security.web.context.request.async.WebAsyncManagerIntegrationFilter@f9979cf, org.springframework.security.web.context.SecurityContextPersistenceFilter@318a81a0, org.springframework.security.web.header.HeaderWriterFilter@b332eda, org.springframework.security.web.authentication.logout.LogoutFilter@209d0037, org.springframework.security.oauth2.provider.authentication.OAuth2AuthenticationProcessingFilter@30b29f55, org.springframework.security.web.savedrequest.RequestCacheAwareFilter@36a8ebca, org.springframework.security.web.servletapi.SecurityContextHolderAwareRequestFilter@28b16193, org.springframework.security.web.authentication.AnonymousAuthenticationFilter@6e627ab8, org.springframework.security.web.session.SessionManagementFilter@38ae69f7, org.springframework.security.web.access.ExceptionTranslationFilter@402d76c7, org.springframework.security.web.access.intercept.FilterSecurityInterceptor@11a29c0]
2020-09-04 19:51:19 INFO  [THXU-Server-System,,,] main org.springframework.cloud.netflix.eureka.InstanceInfoFactory Setting initial instance status as: STARTING
2020-09-04 19:51:19 INFO  [THXU-Server-System,,,] main com.netflix.discovery.DiscoveryClient Initializing Eureka in region us-east-1
2020-09-04 19:51:19 INFO  [THXU-Server-System,,,] main com.netflix.discovery.provider.DiscoveryJerseyProvider Using JSON encoding codec LegacyJacksonJson
2020-09-04 19:51:19 INFO  [THXU-Server-System,,,] main com.netflix.discovery.provider.DiscoveryJerseyProvider Using JSON decoding codec LegacyJacksonJson
2020-09-04 19:51:19 INFO  [THXU-Server-System,,,] main com.netflix.discovery.provider.DiscoveryJerseyProvider Using XML encoding codec XStreamXml
2020-09-04 19:51:19 INFO  [THXU-Server-System,,,] main com.netflix.discovery.provider.DiscoveryJerseyProvider Using XML decoding codec XStreamXml
2020-09-04 19:51:19 INFO  [THXU-Server-System,,,] main com.netflix.discovery.shared.resolver.aws.ConfigClusterResolver Resolving eureka endpoints via configuration
2020-09-04 19:51:20 INFO  [THXU-Server-System,,,] main com.netflix.discovery.DiscoveryClient Disable delta property : false
2020-09-04 19:51:20 INFO  [THXU-Server-System,,,] main com.netflix.discovery.DiscoveryClient Single vip registry refresh property : null
2020-09-04 19:51:20 INFO  [THXU-Server-System,,,] main com.netflix.discovery.DiscoveryClient Force full registry fetch : false
2020-09-04 19:51:20 INFO  [THXU-Server-System,,,] main com.netflix.discovery.DiscoveryClient Application is null : false
2020-09-04 19:51:20 INFO  [THXU-Server-System,,,] main com.netflix.discovery.DiscoveryClient Registered Applications size is zero : true
2020-09-04 19:51:20 INFO  [THXU-Server-System,,,] main com.netflix.discovery.DiscoveryClient Application version is -1: true
2020-09-04 19:51:20 INFO  [THXU-Server-System,,,] main com.netflix.discovery.DiscoveryClient Getting all instance registry info from the eureka server
2020-09-04 19:51:20 INFO  [THXU-Server-System,,,] main com.netflix.discovery.DiscoveryClient The response status is 200
2020-09-04 19:51:20 INFO  [THXU-Server-System,,,] main com.netflix.discovery.DiscoveryClient Starting heartbeat executor: renew interval is: 20
2020-09-04 19:51:20 INFO  [THXU-Server-System,,,] main com.netflix.discovery.InstanceInfoReplicator InstanceInfoReplicator onDemand update allowed rate per min is 4
2020-09-04 19:51:20 INFO  [THXU-Server-System,,,] main com.netflix.discovery.DiscoveryClient Discovery Client initialized at timestamp 1599220280197 with initial instances count: 1
2020-09-04 19:51:20 INFO  [THXU-Server-System,,,] main org.springframework.cloud.netflix.eureka.serviceregistry.EurekaServiceRegistry Registering application THXU-SERVER-SYSTEM with eureka with status UP
2020-09-04 19:51:20 INFO  [THXU-Server-System,,,] main com.netflix.discovery.DiscoveryClient Saw local status change event StatusChangeEvent [timestamp=1599220280209, current=UP, previous=STARTING]
2020-09-04 19:51:20 INFO  [THXU-Server-System,,,] DiscoveryClient-InstanceInfoReplicator-0 com.netflix.discovery.DiscoveryClient DiscoveryClient_THXU-SERVER-SYSTEM/DESKTOP-40N1SAQ:THXU-Server-System:8201: registering service...
2020-09-04 19:51:20 INFO  [THXU-Server-System,,,] main springfox.documentation.spring.web.plugins.DocumentationPluginsBootstrapper Context refreshed
2020-09-04 19:51:20 INFO  [THXU-Server-System,,,] main springfox.documentation.spring.web.plugins.DocumentationPluginsBootstrapper Found 1 custom documentation plugin(s)
2020-09-04 19:51:20 INFO  [THXU-Server-System,,,] DiscoveryClient-InstanceInfoReplicator-0 com.netflix.discovery.DiscoveryClient DiscoveryClient_THXU-SERVER-SYSTEM/DESKTOP-40N1SAQ:THXU-Server-System:8201 - registration status: 204
2020-09-04 19:51:20 INFO  [THXU-Server-System,,,] main springfox.documentation.spring.web.scanners.ApiListingReferenceScanner Scanning for api listing references
2020-09-04 19:51:20 INFO  [THXU-Server-System,,,] main org.apache.coyote.http11.Http11NioProtocol Starting ProtocolHandler ["http-nio-8201"]
2020-09-04 19:51:20 INFO  [THXU-Server-System,,,] main org.springframework.boot.web.embedded.tomcat.TomcatWebServer Tomcat started on port(s): 8201 (http) with context path ''
2020-09-04 19:51:20 INFO  [THXU-Server-System,,,] main org.springframework.cloud.netflix.eureka.serviceregistry.EurekaAutoServiceRegistration Updating port to 8201
2020-09-04 19:51:20 INFO  [THXU-Server-System,,,] main com.kk.thxu.server.system.ThxuServerSystemApplication Started ThxuServerSystemApplication in 12.434 seconds (JVM running for 13.415)
2020-09-04 19:51:21 INFO  [THXU-Server-System,,,] RMI TCP Connection(3)-192.168.10.1 org.springframework.amqp.rabbit.connection.CachingConnectionFactory Attempting to connect to: [192.168.10.100:5672]
2020-09-04 19:51:21 INFO  [THXU-Server-System,,,] RMI TCP Connection(2)-192.168.10.1 org.apache.catalina.core.ContainerBase.[Tomcat].[localhost].[/] Initializing Spring DispatcherServlet 'dispatcherServlet'
2020-09-04 19:51:21 INFO  [THXU-Server-System,,,] RMI TCP Connection(2)-192.168.10.1 org.springframework.web.servlet.DispatcherServlet Initializing Servlet 'dispatcherServlet'
2020-09-04 19:51:21 INFO  [THXU-Server-System,,,] RMI TCP Connection(2)-192.168.10.1 org.springframework.web.servlet.DispatcherServlet Completed initialization in 16 ms
2020-09-04 19:51:21 INFO  [THXU-Server-System,,,] RMI TCP Connection(3)-192.168.10.1 org.springframework.amqp.rabbit.connection.CachingConnectionFactory Created new connection: rabbitConnectionFactory#51132514:0/SimpleConnection@596a1235 [delegate=amqp://thxu@192.168.10.100:5672/, localPort= 61556]
2020-09-04 19:51:21 INFO  [THXU-Server-System,baccc2eb94ec4836,baccc2eb94ec4836,true] parallel-1 io.lettuce.core.EpollProvider Starting without optional epoll library
2020-09-04 19:51:21 INFO  [THXU-Server-System,baccc2eb94ec4836,baccc2eb94ec4836,true] parallel-1 io.lettuce.core.KqueueProvider Starting without optional kqueue library
2020-09-04 19:51:48 INFO  [THXU-Server-System,,,] registrationTask1 de.codecentric.boot.admin.client.registration.ApplicationRegistrator Application registered itself as f3be74e763ce
2020-09-04 19:51:48 INFO  [THXU-Server-System,,,] http-nio-8201-exec-3 org.apache.catalina.core.ContainerBase.[Tomcat].[localhost].[/] jolokia-actuator-endpoint: No access restrictor found, access to any MBean is allowed
2020-09-04 19:56:20 INFO  [THXU-Server-System,,,] AsyncResolver-bootstrap-executor-0 com.netflix.discovery.shared.resolver.aws.ConfigClusterResolver Resolving eureka endpoints via configuration
2020-09-04 20:00:27 INFO  [springAppName_IS_UNDEFINED,,,] main org.springframework.context.support.PostProcessorRegistrationDelegate$BeanPostProcessorChecker Bean 'org.springframework.cloud.autoconfigure.ConfigurationPropertiesRebinderAutoConfiguration' of type [org.springframework.cloud.autoconfigure.ConfigurationPropertiesRebinderAutoConfiguration$$EnhancerBySpringCGLIB$$4f42f826] is not eligible for getting processed by all BeanPostProcessors (for example: not eligible for auto-proxying)
2020-09-04 20:00:28 INFO  [THXU-Server-System,,,] main com.kk.thxu.server.system.ThxuServerSystemApplication No active profile set, falling back to default profiles: default
2020-09-04 20:00:28 INFO  [THXU-Server-System,,,] main org.springframework.data.repository.config.RepositoryConfigurationDelegate Multiple Spring Data modules found, entering strict repository configuration mode!
2020-09-04 20:00:28 INFO  [THXU-Server-System,,,] main org.springframework.data.repository.config.RepositoryConfigurationDelegate Bootstrapping Spring Data repositories in DEFAULT mode.
2020-09-04 20:00:29 INFO  [THXU-Server-System,,,] main org.springframework.data.repository.config.RepositoryConfigurationDelegate Finished Spring Data repository scanning in 11ms. Found 0 repository interfaces.
2020-09-04 20:00:29 INFO  [THXU-Server-System,,,] main org.springframework.cloud.context.scope.GenericScope BeanFactory id=1dfbb7b9-2d4a-3ba9-b9d7-8d27164f9be3
2020-09-04 20:00:29 INFO  [THXU-Server-System,,,] main org.springframework.context.support.PostProcessorRegistrationDelegate$BeanPostProcessorChecker Bean 'spring.datasource.dynamic-com.baomidou.dynamic.datasource.spring.boot.autoconfigure.DynamicDataSourceProperties' of type [com.baomidou.dynamic.datasource.spring.boot.autoconfigure.DynamicDataSourceProperties] is not eligible for getting processed by all BeanPostProcessors (for example: not eligible for auto-proxying)
2020-09-04 20:00:29 INFO  [THXU-Server-System,,,] main org.springframework.context.support.PostProcessorRegistrationDelegate$BeanPostProcessorChecker Bean 'com.baomidou.dynamic.datasource.spring.boot.autoconfigure.DynamicDataSourceAutoConfiguration' of type [com.baomidou.dynamic.datasource.spring.boot.autoconfigure.DynamicDataSourceAutoConfiguration$$EnhancerBySpringCGLIB$$9cb765fa] is not eligible for getting processed by all BeanPostProcessors (for example: not eligible for auto-proxying)
2020-09-04 20:00:29 INFO  [THXU-Server-System,,,] main org.springframework.context.support.PostProcessorRegistrationDelegate$BeanPostProcessorChecker Bean 'dsProcessor' of type [com.baomidou.dynamic.datasource.processor.DsHeaderProcessor] is not eligible for getting processed by all BeanPostProcessors (for example: not eligible for auto-proxying)
2020-09-04 20:00:29 INFO  [THXU-Server-System,,,] main org.springframework.context.support.PostProcessorRegistrationDelegate$BeanPostProcessorChecker Bean 'dynamicDatasourceAnnotationAdvisor' of type [com.baomidou.dynamic.datasource.aop.DynamicDataSourceAnnotationAdvisor] is not eligible for getting processed by all BeanPostProcessors (for example: not eligible for auto-proxying)
2020-09-04 20:00:29 INFO  [THXU-Server-System,,,] main org.springframework.context.support.PostProcessorRegistrationDelegate$BeanPostProcessorChecker Bean 'org.springframework.security.config.annotation.configuration.ObjectPostProcessorConfiguration' of type [org.springframework.security.config.annotation.configuration.ObjectPostProcessorConfiguration$$EnhancerBySpringCGLIB$$cbd6bd63] is not eligible for getting processed by all BeanPostProcessors (for example: not eligible for auto-proxying)
2020-09-04 20:00:29 INFO  [THXU-Server-System,,,] main org.springframework.context.support.PostProcessorRegistrationDelegate$BeanPostProcessorChecker Bean 'objectPostProcessor' of type [org.springframework.security.config.annotation.configuration.AutowireBeanFactoryObjectPostProcessor] is not eligible for getting processed by all BeanPostProcessors (for example: not eligible for auto-proxying)
2020-09-04 20:00:29 INFO  [THXU-Server-System,,,] main org.springframework.context.support.PostProcessorRegistrationDelegate$BeanPostProcessorChecker Bean 'org.springframework.security.access.expression.method.DefaultMethodSecurityExpressionHandler@7cd5fcf4' of type [org.springframework.security.oauth2.provider.expression.OAuth2MethodSecurityExpressionHandler] is not eligible for getting processed by all BeanPostProcessors (for example: not eligible for auto-proxying)
2020-09-04 20:00:29 INFO  [THXU-Server-System,,,] main org.springframework.context.support.PostProcessorRegistrationDelegate$BeanPostProcessorChecker Bean 'org.springframework.security.config.annotation.method.configuration.GlobalMethodSecurityConfiguration' of type [org.springframework.security.config.annotation.method.configuration.GlobalMethodSecurityConfiguration$$EnhancerBySpringCGLIB$$f0ab6015] is not eligible for getting processed by all BeanPostProcessors (for example: not eligible for auto-proxying)
2020-09-04 20:00:29 INFO  [THXU-Server-System,,,] main org.springframework.context.support.PostProcessorRegistrationDelegate$BeanPostProcessorChecker Bean 'methodSecurityMetadataSource' of type [org.springframework.security.access.method.DelegatingMethodSecurityMetadataSource] is not eligible for getting processed by all BeanPostProcessors (for example: not eligible for auto-proxying)
2020-09-04 20:00:29 INFO  [THXU-Server-System,,,] main org.springframework.context.support.PostProcessorRegistrationDelegate$BeanPostProcessorChecker Bean 'org.springframework.transaction.annotation.ProxyTransactionManagementConfiguration' of type [org.springframework.transaction.annotation.ProxyTransactionManagementConfiguration$$EnhancerBySpringCGLIB$$3328f529] is not eligible for getting processed by all BeanPostProcessors (for example: not eligible for auto-proxying)
2020-09-04 20:00:29 INFO  [THXU-Server-System,,,] main org.springframework.context.support.PostProcessorRegistrationDelegate$BeanPostProcessorChecker Bean 'org.springframework.cloud.autoconfigure.ConfigurationPropertiesRebinderAutoConfiguration' of type [org.springframework.cloud.autoconfigure.ConfigurationPropertiesRebinderAutoConfiguration$$EnhancerBySpringCGLIB$$4f42f826] is not eligible for getting processed by all BeanPostProcessors (for example: not eligible for auto-proxying)
2020-09-04 20:00:29 INFO  [THXU-Server-System,,,] main org.springframework.context.support.PostProcessorRegistrationDelegate$BeanPostProcessorChecker Bean 'org.springframework.cloud.sleuth.instrument.web.client.TraceWebClientAutoConfiguration$TraceOAuthConfiguration' of type [org.springframework.cloud.sleuth.instrument.web.client.TraceWebClientAutoConfiguration$TraceOAuthConfiguration$$EnhancerBySpringCGLIB$$78258788] is not eligible for getting processed by all BeanPostProcessors (for example: not eligible for auto-proxying)
2020-09-04 20:00:30 INFO  [THXU-Server-System,,,] main org.springframework.boot.web.embedded.tomcat.TomcatWebServer Tomcat initialized with port(s): 8201 (http)
2020-09-04 20:00:30 INFO  [THXU-Server-System,,,] main org.apache.coyote.http11.Http11NioProtocol Initializing ProtocolHandler ["http-nio-8201"]
2020-09-04 20:00:30 INFO  [THXU-Server-System,,,] main org.apache.catalina.core.StandardService Starting service [Tomcat]
2020-09-04 20:00:30 INFO  [THXU-Server-System,,,] main org.apache.catalina.core.StandardEngine Starting Servlet engine: [Apache Tomcat/9.0.21]
2020-09-04 20:00:30 INFO  [THXU-Server-System,,,] main org.apache.catalina.core.ContainerBase.[Tomcat].[localhost].[/] Initializing Spring embedded WebApplicationContext
2020-09-04 20:00:30 INFO  [THXU-Server-System,,,] main org.springframework.web.context.ContextLoader Root WebApplicationContext: initialization completed in 2239 ms
2020-09-04 20:00:30 INFO  [THXU-Server-System,,,] main com.netflix.config.sources.URLConfigurationSource To enable URLs as dynamic configuration sources, define System property archaius.configurationSource.additionalUrls or make config.properties available on classpath.
2020-09-04 20:00:30 INFO  [THXU-Server-System,,,] main com.netflix.config.DynamicPropertyFactory DynamicPropertyFactory is initialized with configuration sources: com.netflix.config.ConcurrentCompositeConfiguration@65d73bd
2020-09-04 20:00:31 INFO  [THXU-Server-System,,,] main com.baomidou.dynamic.datasource.DynamicRoutingDataSource 动态数据源-检测到并开启了p6spy
2020-09-04 20:00:31 INFO  [THXU-Server-System,,,] main com.zaxxer.hikari.HikariDataSource base - Starting...
2020-09-04 20:00:31 INFO  [THXU-Server-System,,,] main com.zaxxer.hikari.HikariDataSource base - Start completed.
2020-09-04 20:00:31 INFO  [THXU-Server-System,,,] main com.baomidou.dynamic.datasource.DynamicRoutingDataSource 初始共加载 1 个数据源
2020-09-04 20:00:31 INFO  [THXU-Server-System,,,] main com.baomidou.dynamic.datasource.DynamicRoutingDataSource 动态数据源-加载 base 成功
2020-09-04 20:00:31 INFO  [THXU-Server-System,,,] main com.baomidou.dynamic.datasource.DynamicRoutingDataSource 当前的默认数据源是单数据源，数据源名为 base
2020-09-04 20:00:32 INFO  [THXU-Server-System,,,] main org.springframework.boot.actuate.endpoint.web.ServletEndpointRegistrar Registered '/actuator/jolokia' to jolokia-actuator-endpoint
2020-09-04 20:00:33 INFO  [THXU-Server-System,,,] main org.springframework.boot.actuate.endpoint.web.EndpointLinksResolver Exposing 20 endpoint(s) beneath base path '/actuator'
2020-09-04 20:00:34 INFO  [THXU-Server-System,,,] main springfox.documentation.spring.web.PropertySourcedRequestMappingHandlerMapping Mapped URL path [/v2/api-docs] onto method [public org.springframework.http.ResponseEntity<springfox.documentation.spring.web.json.Json> springfox.documentation.swagger2.web.Swagger2Controller.getDocumentation(java.lang.String,javax.servlet.http.HttpServletRequest)]
2020-09-04 20:00:34 INFO  [THXU-Server-System,,,] main com.netflix.config.sources.URLConfigurationSource To enable URLs as dynamic configuration sources, define System property archaius.configurationSource.additionalUrls or make config.properties available on classpath.
2020-09-04 20:00:34 INFO  [THXU-Server-System,,,] main org.springframework.scheduling.concurrent.ThreadPoolTaskExecutor Initializing ExecutorService 'applicationTaskExecutor'
2020-09-04 20:00:34 INFO  [THXU-Server-System,,,] main org.springframework.scheduling.concurrent.ThreadPoolTaskScheduler Initializing ExecutorService
2020-09-04 20:00:35 INFO  [THXU-Server-System,,,] main org.springframework.boot.autoconfigure.security.servlet.UserDetailsServiceAutoConfiguration 

Using generated security password: 54530c52-012b-4ec2-8dff-fd4b6a911394

2020-09-04 20:00:35 INFO  [THXU-Server-System,,,] main org.springframework.security.web.DefaultSecurityFilterChain Creating filter chain: OrRequestMatcher [requestMatchers=[Ant [pattern='/**']]], [org.springframework.security.web.context.request.async.WebAsyncManagerIntegrationFilter@669e730d, org.springframework.security.web.context.SecurityContextPersistenceFilter@67eabe02, org.springframework.security.web.header.HeaderWriterFilter@51b2b3e6, org.springframework.security.web.authentication.logout.LogoutFilter@13f17b8f, org.springframework.security.oauth2.provider.authentication.OAuth2AuthenticationProcessingFilter@46bff388, org.springframework.security.web.savedrequest.RequestCacheAwareFilter@4d2f8ee7, org.springframework.security.web.servletapi.SecurityContextHolderAwareRequestFilter@30d944d8, org.springframework.security.web.authentication.AnonymousAuthenticationFilter@4b3e4253, org.springframework.security.web.session.SessionManagementFilter@2f0e7008, org.springframework.security.web.access.ExceptionTranslationFilter@322593ed, org.springframework.security.web.access.intercept.FilterSecurityInterceptor@5980e29f]
2020-09-04 20:00:36 INFO  [THXU-Server-System,,,] main org.springframework.cloud.netflix.eureka.InstanceInfoFactory Setting initial instance status as: STARTING
2020-09-04 20:00:36 INFO  [THXU-Server-System,,,] main com.netflix.discovery.DiscoveryClient Initializing Eureka in region us-east-1
2020-09-04 20:00:36 INFO  [THXU-Server-System,,,] main com.netflix.discovery.provider.DiscoveryJerseyProvider Using JSON encoding codec LegacyJacksonJson
2020-09-04 20:00:36 INFO  [THXU-Server-System,,,] main com.netflix.discovery.provider.DiscoveryJerseyProvider Using JSON decoding codec LegacyJacksonJson
2020-09-04 20:00:36 INFO  [THXU-Server-System,,,] main com.netflix.discovery.provider.DiscoveryJerseyProvider Using XML encoding codec XStreamXml
2020-09-04 20:00:36 INFO  [THXU-Server-System,,,] main com.netflix.discovery.provider.DiscoveryJerseyProvider Using XML decoding codec XStreamXml
2020-09-04 20:00:36 INFO  [THXU-Server-System,,,] main com.netflix.discovery.shared.resolver.aws.ConfigClusterResolver Resolving eureka endpoints via configuration
2020-09-04 20:00:37 INFO  [THXU-Server-System,,,] main com.netflix.discovery.DiscoveryClient Disable delta property : false
2020-09-04 20:00:37 INFO  [THXU-Server-System,,,] main com.netflix.discovery.DiscoveryClient Single vip registry refresh property : null
2020-09-04 20:00:37 INFO  [THXU-Server-System,,,] main com.netflix.discovery.DiscoveryClient Force full registry fetch : false
2020-09-04 20:00:37 INFO  [THXU-Server-System,,,] main com.netflix.discovery.DiscoveryClient Application is null : false
2020-09-04 20:00:37 INFO  [THXU-Server-System,,,] main com.netflix.discovery.DiscoveryClient Registered Applications size is zero : true
2020-09-04 20:00:37 INFO  [THXU-Server-System,,,] main com.netflix.discovery.DiscoveryClient Application version is -1: true
2020-09-04 20:00:37 INFO  [THXU-Server-System,,,] main com.netflix.discovery.DiscoveryClient Getting all instance registry info from the eureka server
2020-09-04 20:00:37 INFO  [THXU-Server-System,,,] main com.netflix.discovery.DiscoveryClient The response status is 200
2020-09-04 20:00:37 INFO  [THXU-Server-System,,,] main com.netflix.discovery.DiscoveryClient Starting heartbeat executor: renew interval is: 20
2020-09-04 20:00:37 INFO  [THXU-Server-System,,,] main com.netflix.discovery.InstanceInfoReplicator InstanceInfoReplicator onDemand update allowed rate per min is 4
2020-09-04 20:00:37 INFO  [THXU-Server-System,,,] main com.netflix.discovery.DiscoveryClient Discovery Client initialized at timestamp 1599220837252 with initial instances count: 3
2020-09-04 20:00:37 INFO  [THXU-Server-System,,,] main org.springframework.cloud.netflix.eureka.serviceregistry.EurekaServiceRegistry Registering application THXU-SERVER-SYSTEM with eureka with status UP
2020-09-04 20:00:37 INFO  [THXU-Server-System,,,] main com.netflix.discovery.DiscoveryClient Saw local status change event StatusChangeEvent [timestamp=1599220837261, current=UP, previous=STARTING]
2020-09-04 20:00:37 INFO  [THXU-Server-System,,,] DiscoveryClient-InstanceInfoReplicator-0 com.netflix.discovery.DiscoveryClient DiscoveryClient_THXU-SERVER-SYSTEM/DESKTOP-40N1SAQ:THXU-Server-System:8201: registering service...
2020-09-04 20:00:37 INFO  [THXU-Server-System,,,] main springfox.documentation.spring.web.plugins.DocumentationPluginsBootstrapper Context refreshed
2020-09-04 20:00:37 INFO  [THXU-Server-System,,,] main springfox.documentation.spring.web.plugins.DocumentationPluginsBootstrapper Found 1 custom documentation plugin(s)
2020-09-04 20:00:37 INFO  [THXU-Server-System,,,] DiscoveryClient-InstanceInfoReplicator-0 com.netflix.discovery.DiscoveryClient DiscoveryClient_THXU-SERVER-SYSTEM/DESKTOP-40N1SAQ:THXU-Server-System:8201 - registration status: 204
2020-09-04 20:00:37 INFO  [THXU-Server-System,,,] main springfox.documentation.spring.web.scanners.ApiListingReferenceScanner Scanning for api listing references
2020-09-04 20:00:37 INFO  [THXU-Server-System,,,] main org.apache.coyote.http11.Http11NioProtocol Starting ProtocolHandler ["http-nio-8201"]
2020-09-04 20:00:37 INFO  [THXU-Server-System,,,] main org.springframework.boot.web.embedded.tomcat.TomcatWebServer Tomcat started on port(s): 8201 (http) with context path ''
2020-09-04 20:00:37 INFO  [THXU-Server-System,,,] main org.springframework.cloud.netflix.eureka.serviceregistry.EurekaAutoServiceRegistration Updating port to 8201
2020-09-04 20:00:37 INFO  [THXU-Server-System,,,] main com.kk.thxu.server.system.ThxuServerSystemApplication Started ThxuServerSystemApplication in 11.089 seconds (JVM running for 11.926)
2020-09-04 20:00:38 INFO  [THXU-Server-System,,,] RMI TCP Connection(5)-192.168.10.1 org.springframework.amqp.rabbit.connection.CachingConnectionFactory Attempting to connect to: [192.168.10.100:5672]
2020-09-04 20:00:38 INFO  [THXU-Server-System,,,] RMI TCP Connection(6)-192.168.10.1 org.apache.catalina.core.ContainerBase.[Tomcat].[localhost].[/] Initializing Spring DispatcherServlet 'dispatcherServlet'
2020-09-04 20:00:38 INFO  [THXU-Server-System,,,] RMI TCP Connection(6)-192.168.10.1 org.springframework.web.servlet.DispatcherServlet Initializing Servlet 'dispatcherServlet'
2020-09-04 20:00:38 INFO  [THXU-Server-System,,,] RMI TCP Connection(6)-192.168.10.1 org.springframework.web.servlet.DispatcherServlet Completed initialization in 16 ms
2020-09-04 20:00:38 INFO  [THXU-Server-System,,,] RMI TCP Connection(5)-192.168.10.1 org.springframework.amqp.rabbit.connection.CachingConnectionFactory Created new connection: rabbitConnectionFactory#7686f701:0/SimpleConnection@317b8391 [delegate=amqp://thxu@192.168.10.100:5672/, localPort= 62131]
2020-09-04 20:00:38 INFO  [THXU-Server-System,5cf25ad02a4b6a21,5cf25ad02a4b6a21,true] parallel-1 io.lettuce.core.EpollProvider Starting without optional epoll library
2020-09-04 20:00:38 INFO  [THXU-Server-System,5cf25ad02a4b6a21,5cf25ad02a4b6a21,true] parallel-1 io.lettuce.core.KqueueProvider Starting without optional kqueue library
2020-09-04 20:01:09 INFO  [THXU-Server-System,,,] registrationTask1 de.codecentric.boot.admin.client.registration.ApplicationRegistrator Application registered itself as f3be74e763ce
2020-09-04 21:22:23 INFO  [springAppName_IS_UNDEFINED,,,] main org.springframework.context.support.PostProcessorRegistrationDelegate$BeanPostProcessorChecker Bean 'org.springframework.cloud.autoconfigure.ConfigurationPropertiesRebinderAutoConfiguration' of type [org.springframework.cloud.autoconfigure.ConfigurationPropertiesRebinderAutoConfiguration$$EnhancerBySpringCGLIB$$85940920] is not eligible for getting processed by all BeanPostProcessors (for example: not eligible for auto-proxying)
2020-09-04 21:22:24 INFO  [THXU-Server-System,,,] main com.kk.thxu.server.system.ThxuServerSystemApplication No active profile set, falling back to default profiles: default
2020-09-04 21:22:25 INFO  [THXU-Server-System,,,] main org.springframework.data.repository.config.RepositoryConfigurationDelegate Multiple Spring Data modules found, entering strict repository configuration mode!
2020-09-04 21:22:25 INFO  [THXU-Server-System,,,] main org.springframework.data.repository.config.RepositoryConfigurationDelegate Bootstrapping Spring Data repositories in DEFAULT mode.
2020-09-04 21:22:25 INFO  [THXU-Server-System,,,] main org.springframework.data.repository.config.RepositoryConfigurationDelegate Finished Spring Data repository scanning in 16ms. Found 0 repository interfaces.
2020-09-04 21:22:26 INFO  [THXU-Server-System,,,] main org.springframework.cloud.context.scope.GenericScope BeanFactory id=1dfbb7b9-2d4a-3ba9-b9d7-8d27164f9be3
2020-09-04 21:22:26 INFO  [THXU-Server-System,,,] main org.springframework.context.support.PostProcessorRegistrationDelegate$BeanPostProcessorChecker Bean 'spring.datasource.dynamic-com.baomidou.dynamic.datasource.spring.boot.autoconfigure.DynamicDataSourceProperties' of type [com.baomidou.dynamic.datasource.spring.boot.autoconfigure.DynamicDataSourceProperties] is not eligible for getting processed by all BeanPostProcessors (for example: not eligible for auto-proxying)
2020-09-04 21:22:26 INFO  [THXU-Server-System,,,] main org.springframework.context.support.PostProcessorRegistrationDelegate$BeanPostProcessorChecker Bean 'com.baomidou.dynamic.datasource.spring.boot.autoconfigure.DynamicDataSourceAutoConfiguration' of type [com.baomidou.dynamic.datasource.spring.boot.autoconfigure.DynamicDataSourceAutoConfiguration$$EnhancerBySpringCGLIB$$d30876f4] is not eligible for getting processed by all BeanPostProcessors (for example: not eligible for auto-proxying)
2020-09-04 21:22:26 INFO  [THXU-Server-System,,,] main org.springframework.context.support.PostProcessorRegistrationDelegate$BeanPostProcessorChecker Bean 'dsProcessor' of type [com.baomidou.dynamic.datasource.processor.DsHeaderProcessor] is not eligible for getting processed by all BeanPostProcessors (for example: not eligible for auto-proxying)
2020-09-04 21:22:26 INFO  [THXU-Server-System,,,] main org.springframework.context.support.PostProcessorRegistrationDelegate$BeanPostProcessorChecker Bean 'dynamicDatasourceAnnotationAdvisor' of type [com.baomidou.dynamic.datasource.aop.DynamicDataSourceAnnotationAdvisor] is not eligible for getting processed by all BeanPostProcessors (for example: not eligible for auto-proxying)
2020-09-04 21:22:26 INFO  [THXU-Server-System,,,] main org.springframework.context.support.PostProcessorRegistrationDelegate$BeanPostProcessorChecker Bean 'org.springframework.security.config.annotation.configuration.ObjectPostProcessorConfiguration' of type [org.springframework.security.config.annotation.configuration.ObjectPostProcessorConfiguration$$EnhancerBySpringCGLIB$$227ce5d] is not eligible for getting processed by all BeanPostProcessors (for example: not eligible for auto-proxying)
2020-09-04 21:22:26 INFO  [THXU-Server-System,,,] main org.springframework.context.support.PostProcessorRegistrationDelegate$BeanPostProcessorChecker Bean 'objectPostProcessor' of type [org.springframework.security.config.annotation.configuration.AutowireBeanFactoryObjectPostProcessor] is not eligible for getting processed by all BeanPostProcessors (for example: not eligible for auto-proxying)
2020-09-04 21:22:26 INFO  [THXU-Server-System,,,] main org.springframework.context.support.PostProcessorRegistrationDelegate$BeanPostProcessorChecker Bean 'org.springframework.security.access.expression.method.DefaultMethodSecurityExpressionHandler@1ea930eb' of type [org.springframework.security.oauth2.provider.expression.OAuth2MethodSecurityExpressionHandler] is not eligible for getting processed by all BeanPostProcessors (for example: not eligible for auto-proxying)
2020-09-04 21:22:26 INFO  [THXU-Server-System,,,] main org.springframework.context.support.PostProcessorRegistrationDelegate$BeanPostProcessorChecker Bean 'org.springframework.security.config.annotation.method.configuration.GlobalMethodSecurityConfiguration' of type [org.springframework.security.config.annotation.method.configuration.GlobalMethodSecurityConfiguration$$EnhancerBySpringCGLIB$$26fc710f] is not eligible for getting processed by all BeanPostProcessors (for example: not eligible for auto-proxying)
2020-09-04 21:22:27 INFO  [THXU-Server-System,,,] main org.springframework.context.support.PostProcessorRegistrationDelegate$BeanPostProcessorChecker Bean 'methodSecurityMetadataSource' of type [org.springframework.security.access.method.DelegatingMethodSecurityMetadataSource] is not eligible for getting processed by all BeanPostProcessors (for example: not eligible for auto-proxying)
2020-09-04 21:22:27 INFO  [THXU-Server-System,,,] main org.springframework.context.support.PostProcessorRegistrationDelegate$BeanPostProcessorChecker Bean 'org.springframework.transaction.annotation.ProxyTransactionManagementConfiguration' of type [org.springframework.transaction.annotation.ProxyTransactionManagementConfiguration$$EnhancerBySpringCGLIB$$697a0623] is not eligible for getting processed by all BeanPostProcessors (for example: not eligible for auto-proxying)
2020-09-04 21:22:27 INFO  [THXU-Server-System,,,] main org.springframework.context.support.PostProcessorRegistrationDelegate$BeanPostProcessorChecker Bean 'org.springframework.cloud.autoconfigure.ConfigurationPropertiesRebinderAutoConfiguration' of type [org.springframework.cloud.autoconfigure.ConfigurationPropertiesRebinderAutoConfiguration$$EnhancerBySpringCGLIB$$85940920] is not eligible for getting processed by all BeanPostProcessors (for example: not eligible for auto-proxying)
2020-09-04 21:22:27 INFO  [THXU-Server-System,,,] main org.springframework.context.support.PostProcessorRegistrationDelegate$BeanPostProcessorChecker Bean 'org.springframework.cloud.sleuth.instrument.web.client.TraceWebClientAutoConfiguration$TraceOAuthConfiguration' of type [org.springframework.cloud.sleuth.instrument.web.client.TraceWebClientAutoConfiguration$TraceOAuthConfiguration$$EnhancerBySpringCGLIB$$ae769882] is not eligible for getting processed by all BeanPostProcessors (for example: not eligible for auto-proxying)
2020-09-04 21:22:27 INFO  [THXU-Server-System,,,] main org.springframework.boot.web.embedded.tomcat.TomcatWebServer Tomcat initialized with port(s): 8201 (http)
2020-09-04 21:22:27 INFO  [THXU-Server-System,,,] main org.apache.coyote.http11.Http11NioProtocol Initializing ProtocolHandler ["http-nio-8201"]
2020-09-04 21:22:27 INFO  [THXU-Server-System,,,] main org.apache.catalina.core.StandardService Starting service [Tomcat]
2020-09-04 21:22:27 INFO  [THXU-Server-System,,,] main org.apache.catalina.core.StandardEngine Starting Servlet engine: [Apache Tomcat/9.0.21]
2020-09-04 21:22:27 INFO  [THXU-Server-System,,,] main org.apache.catalina.core.ContainerBase.[Tomcat].[localhost].[/] Initializing Spring embedded WebApplicationContext
2020-09-04 21:22:27 INFO  [THXU-Server-System,,,] main org.springframework.web.context.ContextLoader Root WebApplicationContext: initialization completed in 3418 ms
2020-09-04 21:22:27 INFO  [THXU-Server-System,,,] main com.netflix.config.sources.URLConfigurationSource To enable URLs as dynamic configuration sources, define System property archaius.configurationSource.additionalUrls or make config.properties available on classpath.
2020-09-04 21:22:28 INFO  [THXU-Server-System,,,] main com.netflix.config.DynamicPropertyFactory DynamicPropertyFactory is initialized with configuration sources: com.netflix.config.ConcurrentCompositeConfiguration@68e24e7
2020-09-04 21:22:28 INFO  [THXU-Server-System,,,] main com.baomidou.dynamic.datasource.DynamicRoutingDataSource 动态数据源-检测到并开启了p6spy
2020-09-04 21:22:28 INFO  [THXU-Server-System,,,] main com.zaxxer.hikari.HikariDataSource base - Starting...
2020-09-04 21:22:29 INFO  [THXU-Server-System,,,] main com.zaxxer.hikari.HikariDataSource base - Start completed.
2020-09-04 21:22:29 INFO  [THXU-Server-System,,,] main com.baomidou.dynamic.datasource.DynamicRoutingDataSource 初始共加载 1 个数据源
2020-09-04 21:22:29 INFO  [THXU-Server-System,,,] main com.baomidou.dynamic.datasource.DynamicRoutingDataSource 动态数据源-加载 base 成功
2020-09-04 21:22:29 INFO  [THXU-Server-System,,,] main com.baomidou.dynamic.datasource.DynamicRoutingDataSource 当前的默认数据源是单数据源，数据源名为 base
2020-09-04 21:22:30 INFO  [THXU-Server-System,,,] main org.springframework.boot.actuate.endpoint.web.ServletEndpointRegistrar Registered '/actuator/jolokia' to jolokia-actuator-endpoint
2020-09-04 21:22:31 INFO  [THXU-Server-System,,,] main org.springframework.boot.actuate.endpoint.web.EndpointLinksResolver Exposing 20 endpoint(s) beneath base path '/actuator'
2020-09-04 21:22:31 INFO  [THXU-Server-System,,,] main springfox.documentation.spring.web.PropertySourcedRequestMappingHandlerMapping Mapped URL path [/v2/api-docs] onto method [public org.springframework.http.ResponseEntity<springfox.documentation.spring.web.json.Json> springfox.documentation.swagger2.web.Swagger2Controller.getDocumentation(java.lang.String,javax.servlet.http.HttpServletRequest)]
2020-09-04 21:22:32 INFO  [THXU-Server-System,,,] main com.netflix.config.sources.URLConfigurationSource To enable URLs as dynamic configuration sources, define System property archaius.configurationSource.additionalUrls or make config.properties available on classpath.
2020-09-04 21:22:32 INFO  [THXU-Server-System,,,] main org.springframework.scheduling.concurrent.ThreadPoolTaskExecutor Initializing ExecutorService 'applicationTaskExecutor'
2020-09-04 21:22:32 INFO  [THXU-Server-System,,,] main org.springframework.scheduling.concurrent.ThreadPoolTaskScheduler Initializing ExecutorService
2020-09-04 21:22:32 INFO  [THXU-Server-System,,,] main org.springframework.boot.autoconfigure.security.servlet.UserDetailsServiceAutoConfiguration 

Using generated security password: 3867d7c0-64a1-472b-b6a9-98a3832107f2

2020-09-04 21:22:33 INFO  [THXU-Server-System,,,] main org.springframework.security.web.DefaultSecurityFilterChain Creating filter chain: OrRequestMatcher [requestMatchers=[Ant [pattern='/**']]], [org.springframework.security.web.context.request.async.WebAsyncManagerIntegrationFilter@2be208db, org.springframework.security.web.context.SecurityContextPersistenceFilter@78e34499, org.springframework.security.web.header.HeaderWriterFilter@154208f2, org.springframework.security.web.authentication.logout.LogoutFilter@7f1b2f07, org.springframework.security.oauth2.provider.authentication.OAuth2AuthenticationProcessingFilter@593e594f, org.springframework.security.web.savedrequest.RequestCacheAwareFilter@2c750b69, org.springframework.security.web.servletapi.SecurityContextHolderAwareRequestFilter@20ddc780, org.springframework.security.web.authentication.AnonymousAuthenticationFilter@5ed463b7, org.springframework.security.web.session.SessionManagementFilter@53dd29e0, org.springframework.security.web.access.ExceptionTranslationFilter@2c955487, org.springframework.security.web.access.intercept.FilterSecurityInterceptor@703947bd]
2020-09-04 21:22:34 INFO  [THXU-Server-System,,,] main org.springframework.cloud.netflix.eureka.InstanceInfoFactory Setting initial instance status as: STARTING
2020-09-04 21:22:34 INFO  [THXU-Server-System,,,] main com.netflix.discovery.DiscoveryClient Initializing Eureka in region us-east-1
2020-09-04 21:22:34 INFO  [THXU-Server-System,,,] main com.netflix.discovery.provider.DiscoveryJerseyProvider Using JSON encoding codec LegacyJacksonJson
2020-09-04 21:22:34 INFO  [THXU-Server-System,,,] main com.netflix.discovery.provider.DiscoveryJerseyProvider Using JSON decoding codec LegacyJacksonJson
2020-09-04 21:22:34 INFO  [THXU-Server-System,,,] main com.netflix.discovery.provider.DiscoveryJerseyProvider Using XML encoding codec XStreamXml
2020-09-04 21:22:34 INFO  [THXU-Server-System,,,] main com.netflix.discovery.provider.DiscoveryJerseyProvider Using XML decoding codec XStreamXml
2020-09-04 21:22:34 INFO  [THXU-Server-System,,,] main com.netflix.discovery.shared.resolver.aws.ConfigClusterResolver Resolving eureka endpoints via configuration
2020-09-04 21:22:34 INFO  [THXU-Server-System,,,] main com.netflix.discovery.DiscoveryClient Disable delta property : false
2020-09-04 21:22:34 INFO  [THXU-Server-System,,,] main com.netflix.discovery.DiscoveryClient Single vip registry refresh property : null
2020-09-04 21:22:34 INFO  [THXU-Server-System,,,] main com.netflix.discovery.DiscoveryClient Force full registry fetch : false
2020-09-04 21:22:34 INFO  [THXU-Server-System,,,] main com.netflix.discovery.DiscoveryClient Application is null : false
2020-09-04 21:22:34 INFO  [THXU-Server-System,,,] main com.netflix.discovery.DiscoveryClient Registered Applications size is zero : true
2020-09-04 21:22:34 INFO  [THXU-Server-System,,,] main com.netflix.discovery.DiscoveryClient Application version is -1: true
2020-09-04 21:22:34 INFO  [THXU-Server-System,,,] main com.netflix.discovery.DiscoveryClient Getting all instance registry info from the eureka server
2020-09-04 21:22:35 INFO  [THXU-Server-System,,,] main com.netflix.discovery.DiscoveryClient The response status is 200
2020-09-04 21:22:35 INFO  [THXU-Server-System,,,] main com.netflix.discovery.DiscoveryClient Starting heartbeat executor: renew interval is: 20
2020-09-04 21:22:35 INFO  [THXU-Server-System,,,] main com.netflix.discovery.InstanceInfoReplicator InstanceInfoReplicator onDemand update allowed rate per min is 4
2020-09-04 21:22:35 INFO  [THXU-Server-System,,,] main com.netflix.discovery.DiscoveryClient Discovery Client initialized at timestamp 1599225755050 with initial instances count: 2
2020-09-04 21:22:35 INFO  [THXU-Server-System,,,] main org.springframework.cloud.netflix.eureka.serviceregistry.EurekaServiceRegistry Registering application THXU-SERVER-SYSTEM with eureka with status UP
2020-09-04 21:22:35 INFO  [THXU-Server-System,,,] main com.netflix.discovery.DiscoveryClient Saw local status change event StatusChangeEvent [timestamp=1599225755062, current=UP, previous=STARTING]
2020-09-04 21:22:35 INFO  [THXU-Server-System,,,] DiscoveryClient-InstanceInfoReplicator-0 com.netflix.discovery.DiscoveryClient DiscoveryClient_THXU-SERVER-SYSTEM/DESKTOP-40N1SAQ:THXU-Server-System:8201: registering service...
2020-09-04 21:22:35 INFO  [THXU-Server-System,,,] main springfox.documentation.spring.web.plugins.DocumentationPluginsBootstrapper Context refreshed
2020-09-04 21:22:35 INFO  [THXU-Server-System,,,] main springfox.documentation.spring.web.plugins.DocumentationPluginsBootstrapper Found 1 custom documentation plugin(s)
2020-09-04 21:22:35 INFO  [THXU-Server-System,,,] DiscoveryClient-InstanceInfoReplicator-0 com.netflix.discovery.DiscoveryClient DiscoveryClient_THXU-SERVER-SYSTEM/DESKTOP-40N1SAQ:THXU-Server-System:8201 - registration status: 204
2020-09-04 21:22:35 INFO  [THXU-Server-System,,,] main springfox.documentation.spring.web.scanners.ApiListingReferenceScanner Scanning for api listing references
2020-09-04 21:22:35 INFO  [THXU-Server-System,,,] main org.apache.coyote.http11.Http11NioProtocol Starting ProtocolHandler ["http-nio-8201"]
2020-09-04 21:22:35 INFO  [THXU-Server-System,,,] main org.springframework.boot.web.embedded.tomcat.TomcatWebServer Tomcat started on port(s): 8201 (http) with context path ''
2020-09-04 21:22:35 INFO  [THXU-Server-System,,,] main org.springframework.cloud.netflix.eureka.serviceregistry.EurekaAutoServiceRegistration Updating port to 8201
2020-09-04 21:22:35 INFO  [THXU-Server-System,,,] main com.kk.thxu.server.system.ThxuServerSystemApplication Started ThxuServerSystemApplication in 12.913 seconds (JVM running for 13.95)
2020-09-04 21:22:35 INFO  [THXU-Server-System,,,] RMI TCP Connection(7)-192.168.10.1 org.springframework.amqp.rabbit.connection.CachingConnectionFactory Attempting to connect to: [192.168.10.100:5672]
2020-09-04 21:22:35 INFO  [THXU-Server-System,,,] RMI TCP Connection(8)-192.168.10.1 org.apache.catalina.core.ContainerBase.[Tomcat].[localhost].[/] Initializing Spring DispatcherServlet 'dispatcherServlet'
2020-09-04 21:22:35 INFO  [THXU-Server-System,,,] RMI TCP Connection(8)-192.168.10.1 org.springframework.web.servlet.DispatcherServlet Initializing Servlet 'dispatcherServlet'
2020-09-04 21:22:35 INFO  [THXU-Server-System,,,] RMI TCP Connection(8)-192.168.10.1 org.springframework.web.servlet.DispatcherServlet Completed initialization in 18 ms
2020-09-04 21:22:35 INFO  [THXU-Server-System,,,] RMI TCP Connection(7)-192.168.10.1 org.springframework.amqp.rabbit.connection.CachingConnectionFactory Created new connection: rabbitConnectionFactory#69f9b561:0/SimpleConnection@42fbac82 [delegate=amqp://thxu@192.168.10.100:5672/, localPort= 52871]
2020-09-04 21:22:36 INFO  [THXU-Server-System,af15786babe20158,af15786babe20158,true] parallel-1 io.lettuce.core.EpollProvider Starting without optional epoll library
2020-09-04 21:22:36 INFO  [THXU-Server-System,af15786babe20158,af15786babe20158,true] parallel-1 io.lettuce.core.KqueueProvider Starting without optional kqueue library
2020-09-04 21:23:03 INFO  [THXU-Server-System,,,] registrationTask1 de.codecentric.boot.admin.client.registration.ApplicationRegistrator Application registered itself as f3be74e763ce
2020-09-04 21:23:03 INFO  [THXU-Server-System,,,] http-nio-8201-exec-5 org.apache.catalina.core.ContainerBase.[Tomcat].[localhost].[/] jolokia-actuator-endpoint: No access restrictor found, access to any MBean is allowed
2020-09-04 21:24:22 INFO  [springAppName_IS_UNDEFINED,,,] main org.springframework.context.support.PostProcessorRegistrationDelegate$BeanPostProcessorChecker Bean 'org.springframework.cloud.autoconfigure.ConfigurationPropertiesRebinderAutoConfiguration' of type [org.springframework.cloud.autoconfigure.ConfigurationPropertiesRebinderAutoConfiguration$$EnhancerBySpringCGLIB$$61f0a704] is not eligible for getting processed by all BeanPostProcessors (for example: not eligible for auto-proxying)
2020-09-04 21:24:22 INFO  [THXU-Server-System,,,] main com.kk.thxu.server.system.ThxuServerSystemApplication No active profile set, falling back to default profiles: default
2020-09-04 21:24:23 INFO  [THXU-Server-System,,,] main org.springframework.data.repository.config.RepositoryConfigurationDelegate Multiple Spring Data modules found, entering strict repository configuration mode!
2020-09-04 21:24:23 INFO  [THXU-Server-System,,,] main org.springframework.data.repository.config.RepositoryConfigurationDelegate Bootstrapping Spring Data repositories in DEFAULT mode.
2020-09-04 21:24:23 INFO  [THXU-Server-System,,,] main org.springframework.data.repository.config.RepositoryConfigurationDelegate Finished Spring Data repository scanning in 11ms. Found 0 repository interfaces.
2020-09-04 21:24:24 INFO  [THXU-Server-System,,,] main org.springframework.cloud.context.scope.GenericScope BeanFactory id=1dfbb7b9-2d4a-3ba9-b9d7-8d27164f9be3
2020-09-04 21:24:24 INFO  [THXU-Server-System,,,] main org.springframework.context.support.PostProcessorRegistrationDelegate$BeanPostProcessorChecker Bean 'spring.datasource.dynamic-com.baomidou.dynamic.datasource.spring.boot.autoconfigure.DynamicDataSourceProperties' of type [com.baomidou.dynamic.datasource.spring.boot.autoconfigure.DynamicDataSourceProperties] is not eligible for getting processed by all BeanPostProcessors (for example: not eligible for auto-proxying)
2020-09-04 21:24:24 INFO  [THXU-Server-System,,,] main org.springframework.context.support.PostProcessorRegistrationDelegate$BeanPostProcessorChecker Bean 'com.baomidou.dynamic.datasource.spring.boot.autoconfigure.DynamicDataSourceAutoConfiguration' of type [com.baomidou.dynamic.datasource.spring.boot.autoconfigure.DynamicDataSourceAutoConfiguration$$EnhancerBySpringCGLIB$$af6514d8] is not eligible for getting processed by all BeanPostProcessors (for example: not eligible for auto-proxying)
2020-09-04 21:24:24 INFO  [THXU-Server-System,,,] main org.springframework.context.support.PostProcessorRegistrationDelegate$BeanPostProcessorChecker Bean 'dsProcessor' of type [com.baomidou.dynamic.datasource.processor.DsHeaderProcessor] is not eligible for getting processed by all BeanPostProcessors (for example: not eligible for auto-proxying)
2020-09-04 21:24:24 INFO  [THXU-Server-System,,,] main org.springframework.context.support.PostProcessorRegistrationDelegate$BeanPostProcessorChecker Bean 'dynamicDatasourceAnnotationAdvisor' of type [com.baomidou.dynamic.datasource.aop.DynamicDataSourceAnnotationAdvisor] is not eligible for getting processed by all BeanPostProcessors (for example: not eligible for auto-proxying)
2020-09-04 21:24:24 INFO  [THXU-Server-System,,,] main org.springframework.context.support.PostProcessorRegistrationDelegate$BeanPostProcessorChecker Bean 'org.springframework.security.config.annotation.configuration.ObjectPostProcessorConfiguration' of type [org.springframework.security.config.annotation.configuration.ObjectPostProcessorConfiguration$$EnhancerBySpringCGLIB$$de846c41] is not eligible for getting processed by all BeanPostProcessors (for example: not eligible for auto-proxying)
2020-09-04 21:24:24 INFO  [THXU-Server-System,,,] main org.springframework.context.support.PostProcessorRegistrationDelegate$BeanPostProcessorChecker Bean 'objectPostProcessor' of type [org.springframework.security.config.annotation.configuration.AutowireBeanFactoryObjectPostProcessor] is not eligible for getting processed by all BeanPostProcessors (for example: not eligible for auto-proxying)
2020-09-04 21:24:24 INFO  [THXU-Server-System,,,] main org.springframework.context.support.PostProcessorRegistrationDelegate$BeanPostProcessorChecker Bean 'org.springframework.security.access.expression.method.DefaultMethodSecurityExpressionHandler@7ec3a8bd' of type [org.springframework.security.oauth2.provider.expression.OAuth2MethodSecurityExpressionHandler] is not eligible for getting processed by all BeanPostProcessors (for example: not eligible for auto-proxying)
2020-09-04 21:24:24 INFO  [THXU-Server-System,,,] main org.springframework.context.support.PostProcessorRegistrationDelegate$BeanPostProcessorChecker Bean 'org.springframework.security.config.annotation.method.configuration.GlobalMethodSecurityConfiguration' of type [org.springframework.security.config.annotation.method.configuration.GlobalMethodSecurityConfiguration$$EnhancerBySpringCGLIB$$3590ef3] is not eligible for getting processed by all BeanPostProcessors (for example: not eligible for auto-proxying)
2020-09-04 21:24:24 INFO  [THXU-Server-System,,,] main org.springframework.context.support.PostProcessorRegistrationDelegate$BeanPostProcessorChecker Bean 'methodSecurityMetadataSource' of type [org.springframework.security.access.method.DelegatingMethodSecurityMetadataSource] is not eligible for getting processed by all BeanPostProcessors (for example: not eligible for auto-proxying)
2020-09-04 21:24:24 INFO  [THXU-Server-System,,,] main org.springframework.context.support.PostProcessorRegistrationDelegate$BeanPostProcessorChecker Bean 'org.springframework.transaction.annotation.ProxyTransactionManagementConfiguration' of type [org.springframework.transaction.annotation.ProxyTransactionManagementConfiguration$$EnhancerBySpringCGLIB$$45d6a407] is not eligible for getting processed by all BeanPostProcessors (for example: not eligible for auto-proxying)
2020-09-04 21:24:24 INFO  [THXU-Server-System,,,] main org.springframework.context.support.PostProcessorRegistrationDelegate$BeanPostProcessorChecker Bean 'org.springframework.cloud.autoconfigure.ConfigurationPropertiesRebinderAutoConfiguration' of type [org.springframework.cloud.autoconfigure.ConfigurationPropertiesRebinderAutoConfiguration$$EnhancerBySpringCGLIB$$61f0a704] is not eligible for getting processed by all BeanPostProcessors (for example: not eligible for auto-proxying)
2020-09-04 21:24:24 INFO  [THXU-Server-System,,,] main org.springframework.context.support.PostProcessorRegistrationDelegate$BeanPostProcessorChecker Bean 'org.springframework.cloud.sleuth.instrument.web.client.TraceWebClientAutoConfiguration$TraceOAuthConfiguration' of type [org.springframework.cloud.sleuth.instrument.web.client.TraceWebClientAutoConfiguration$TraceOAuthConfiguration$$EnhancerBySpringCGLIB$$8ad33666] is not eligible for getting processed by all BeanPostProcessors (for example: not eligible for auto-proxying)
2020-09-04 21:24:24 INFO  [THXU-Server-System,,,] main org.springframework.boot.web.embedded.tomcat.TomcatWebServer Tomcat initialized with port(s): 8201 (http)
2020-09-04 21:24:24 INFO  [THXU-Server-System,,,] main org.apache.coyote.http11.Http11NioProtocol Initializing ProtocolHandler ["http-nio-8201"]
2020-09-04 21:24:24 INFO  [THXU-Server-System,,,] main org.apache.catalina.core.StandardService Starting service [Tomcat]
2020-09-04 21:24:24 INFO  [THXU-Server-System,,,] main org.apache.catalina.core.StandardEngine Starting Servlet engine: [Apache Tomcat/9.0.21]
2020-09-04 21:24:24 INFO  [THXU-Server-System,,,] main org.apache.catalina.core.ContainerBase.[Tomcat].[localhost].[/] Initializing Spring embedded WebApplicationContext
2020-09-04 21:24:24 INFO  [THXU-Server-System,,,] main org.springframework.web.context.ContextLoader Root WebApplicationContext: initialization completed in 1924 ms
2020-09-04 21:24:25 INFO  [THXU-Server-System,,,] main com.netflix.config.sources.URLConfigurationSource To enable URLs as dynamic configuration sources, define System property archaius.configurationSource.additionalUrls or make config.properties available on classpath.
2020-09-04 21:24:25 INFO  [THXU-Server-System,,,] main com.netflix.config.DynamicPropertyFactory DynamicPropertyFactory is initialized with configuration sources: com.netflix.config.ConcurrentCompositeConfiguration@2964511
2020-09-04 21:24:25 INFO  [THXU-Server-System,,,] main com.baomidou.dynamic.datasource.DynamicRoutingDataSource 动态数据源-检测到并开启了p6spy
2020-09-04 21:24:25 INFO  [THXU-Server-System,,,] main com.zaxxer.hikari.HikariDataSource base - Starting...
2020-09-04 21:24:26 INFO  [THXU-Server-System,,,] main com.zaxxer.hikari.HikariDataSource base - Start completed.
2020-09-04 21:24:26 INFO  [THXU-Server-System,,,] main com.baomidou.dynamic.datasource.DynamicRoutingDataSource 初始共加载 1 个数据源
2020-09-04 21:24:26 INFO  [THXU-Server-System,,,] main com.baomidou.dynamic.datasource.DynamicRoutingDataSource 动态数据源-加载 base 成功
2020-09-04 21:24:26 INFO  [THXU-Server-System,,,] main com.baomidou.dynamic.datasource.DynamicRoutingDataSource 当前的默认数据源是单数据源，数据源名为 base
2020-09-04 21:24:27 INFO  [THXU-Server-System,,,] main org.springframework.boot.actuate.endpoint.web.ServletEndpointRegistrar Registered '/actuator/jolokia' to jolokia-actuator-endpoint
2020-09-04 21:24:28 INFO  [THXU-Server-System,,,] main org.springframework.boot.actuate.endpoint.web.EndpointLinksResolver Exposing 20 endpoint(s) beneath base path '/actuator'
2020-09-04 21:24:28 INFO  [THXU-Server-System,,,] main springfox.documentation.spring.web.PropertySourcedRequestMappingHandlerMapping Mapped URL path [/v2/api-docs] onto method [public org.springframework.http.ResponseEntity<springfox.documentation.spring.web.json.Json> springfox.documentation.swagger2.web.Swagger2Controller.getDocumentation(java.lang.String,javax.servlet.http.HttpServletRequest)]
2020-09-04 21:24:28 INFO  [THXU-Server-System,,,] main com.netflix.config.sources.URLConfigurationSource To enable URLs as dynamic configuration sources, define System property archaius.configurationSource.additionalUrls or make config.properties available on classpath.
2020-09-04 21:24:28 INFO  [THXU-Server-System,,,] main org.springframework.scheduling.concurrent.ThreadPoolTaskExecutor Initializing ExecutorService 'applicationTaskExecutor'
2020-09-04 21:24:29 INFO  [THXU-Server-System,,,] main org.springframework.scheduling.concurrent.ThreadPoolTaskScheduler Initializing ExecutorService
2020-09-04 21:24:29 INFO  [THXU-Server-System,,,] main org.springframework.boot.autoconfigure.security.servlet.UserDetailsServiceAutoConfiguration 

Using generated security password: 7ffecd54-06dd-4c80-a637-1cedc87982c6

2020-09-04 21:24:29 INFO  [THXU-Server-System,,,] main org.springframework.security.web.DefaultSecurityFilterChain Creating filter chain: OrRequestMatcher [requestMatchers=[Ant [pattern='/**']]], [org.springframework.security.web.context.request.async.WebAsyncManagerIntegrationFilter@4e3c0627, org.springframework.security.web.context.SecurityContextPersistenceFilter@30cb489a, org.springframework.security.web.header.HeaderWriterFilter@307e9c02, org.springframework.security.web.authentication.logout.LogoutFilter@113e6e06, org.springframework.security.oauth2.provider.authentication.OAuth2AuthenticationProcessingFilter@1ae90cb9, org.springframework.security.web.savedrequest.RequestCacheAwareFilter@7fa2473a, org.springframework.security.web.servletapi.SecurityContextHolderAwareRequestFilter@6e5a77ef, org.springframework.security.web.authentication.AnonymousAuthenticationFilter@57f6fc09, org.springframework.security.web.session.SessionManagementFilter@3a1e5fa7, org.springframework.security.web.access.ExceptionTranslationFilter@30b29f55, org.springframework.security.web.access.intercept.FilterSecurityInterceptor@669e730d]
2020-09-04 21:24:30 INFO  [THXU-Server-System,,,] main org.springframework.cloud.netflix.eureka.InstanceInfoFactory Setting initial instance status as: STARTING
2020-09-04 21:24:30 INFO  [THXU-Server-System,,,] main com.netflix.discovery.DiscoveryClient Initializing Eureka in region us-east-1
2020-09-04 21:24:30 INFO  [THXU-Server-System,,,] main com.netflix.discovery.provider.DiscoveryJerseyProvider Using JSON encoding codec LegacyJacksonJson
2020-09-04 21:24:30 INFO  [THXU-Server-System,,,] main com.netflix.discovery.provider.DiscoveryJerseyProvider Using JSON decoding codec LegacyJacksonJson
2020-09-04 21:24:31 INFO  [THXU-Server-System,,,] main com.netflix.discovery.provider.DiscoveryJerseyProvider Using XML encoding codec XStreamXml
2020-09-04 21:24:31 INFO  [THXU-Server-System,,,] main com.netflix.discovery.provider.DiscoveryJerseyProvider Using XML decoding codec XStreamXml
2020-09-04 21:24:31 INFO  [THXU-Server-System,,,] main com.netflix.discovery.shared.resolver.aws.ConfigClusterResolver Resolving eureka endpoints via configuration
2020-09-04 21:24:31 INFO  [THXU-Server-System,,,] main com.netflix.discovery.DiscoveryClient Disable delta property : false
2020-09-04 21:24:31 INFO  [THXU-Server-System,,,] main com.netflix.discovery.DiscoveryClient Single vip registry refresh property : null
2020-09-04 21:24:31 INFO  [THXU-Server-System,,,] main com.netflix.discovery.DiscoveryClient Force full registry fetch : false
2020-09-04 21:24:31 INFO  [THXU-Server-System,,,] main com.netflix.discovery.DiscoveryClient Application is null : false
2020-09-04 21:24:31 INFO  [THXU-Server-System,,,] main com.netflix.discovery.DiscoveryClient Registered Applications size is zero : true
2020-09-04 21:24:31 INFO  [THXU-Server-System,,,] main com.netflix.discovery.DiscoveryClient Application version is -1: true
2020-09-04 21:24:31 INFO  [THXU-Server-System,,,] main com.netflix.discovery.DiscoveryClient Getting all instance registry info from the eureka server
2020-09-04 21:24:31 INFO  [THXU-Server-System,,,] main com.netflix.discovery.DiscoveryClient The response status is 200
2020-09-04 21:24:31 INFO  [THXU-Server-System,,,] main com.netflix.discovery.DiscoveryClient Starting heartbeat executor: renew interval is: 20
2020-09-04 21:24:31 INFO  [THXU-Server-System,,,] main com.netflix.discovery.InstanceInfoReplicator InstanceInfoReplicator onDemand update allowed rate per min is 4
2020-09-04 21:24:31 INFO  [THXU-Server-System,,,] main com.netflix.discovery.DiscoveryClient Discovery Client initialized at timestamp 1599225871745 with initial instances count: 3
2020-09-04 21:24:31 INFO  [THXU-Server-System,,,] main org.springframework.cloud.netflix.eureka.serviceregistry.EurekaServiceRegistry Registering application THXU-SERVER-SYSTEM with eureka with status UP
2020-09-04 21:24:31 INFO  [THXU-Server-System,,,] main com.netflix.discovery.DiscoveryClient Saw local status change event StatusChangeEvent [timestamp=1599225871752, current=UP, previous=STARTING]
2020-09-04 21:24:31 INFO  [THXU-Server-System,,,] DiscoveryClient-InstanceInfoReplicator-0 com.netflix.discovery.DiscoveryClient DiscoveryClient_THXU-SERVER-SYSTEM/DESKTOP-40N1SAQ:THXU-Server-System:8201: registering service...
2020-09-04 21:24:31 INFO  [THXU-Server-System,,,] main springfox.documentation.spring.web.plugins.DocumentationPluginsBootstrapper Context refreshed
2020-09-04 21:24:31 INFO  [THXU-Server-System,,,] main springfox.documentation.spring.web.plugins.DocumentationPluginsBootstrapper Found 1 custom documentation plugin(s)
2020-09-04 21:24:31 INFO  [THXU-Server-System,,,] DiscoveryClient-InstanceInfoReplicator-0 com.netflix.discovery.DiscoveryClient DiscoveryClient_THXU-SERVER-SYSTEM/DESKTOP-40N1SAQ:THXU-Server-System:8201 - registration status: 204
2020-09-04 21:24:31 INFO  [THXU-Server-System,,,] main springfox.documentation.spring.web.scanners.ApiListingReferenceScanner Scanning for api listing references
2020-09-04 21:24:31 INFO  [THXU-Server-System,,,] main org.apache.coyote.http11.Http11NioProtocol Starting ProtocolHandler ["http-nio-8201"]
2020-09-04 21:24:31 INFO  [THXU-Server-System,,,] main org.springframework.boot.web.embedded.tomcat.TomcatWebServer Tomcat started on port(s): 8201 (http) with context path ''
2020-09-04 21:24:31 INFO  [THXU-Server-System,,,] main org.springframework.cloud.netflix.eureka.serviceregistry.EurekaAutoServiceRegistration Updating port to 8201
2020-09-04 21:24:31 INFO  [THXU-Server-System,,,] main com.kk.thxu.server.system.ThxuServerSystemApplication Started ThxuServerSystemApplication in 10.519 seconds (JVM running for 11.377)
2020-09-04 21:24:32 INFO  [THXU-Server-System,,,] RMI TCP Connection(4)-192.168.10.1 org.springframework.amqp.rabbit.connection.CachingConnectionFactory Attempting to connect to: [192.168.10.100:5672]
2020-09-04 21:24:32 INFO  [THXU-Server-System,,,] RMI TCP Connection(3)-192.168.10.1 org.apache.catalina.core.ContainerBase.[Tomcat].[localhost].[/] Initializing Spring DispatcherServlet 'dispatcherServlet'
2020-09-04 21:24:32 INFO  [THXU-Server-System,,,] RMI TCP Connection(3)-192.168.10.1 org.springframework.web.servlet.DispatcherServlet Initializing Servlet 'dispatcherServlet'
2020-09-04 21:24:32 INFO  [THXU-Server-System,,,] RMI TCP Connection(3)-192.168.10.1 org.springframework.web.servlet.DispatcherServlet Completed initialization in 18 ms
2020-09-04 21:24:32 INFO  [THXU-Server-System,,,] RMI TCP Connection(4)-192.168.10.1 org.springframework.amqp.rabbit.connection.CachingConnectionFactory Created new connection: rabbitConnectionFactory#6cbdd1c5:0/SimpleConnection@61093013 [delegate=amqp://thxu@192.168.10.100:5672/, localPort= 53072]
2020-09-04 21:24:32 INFO  [THXU-Server-System,c1dbb56af0597e6f,c1dbb56af0597e6f,true] parallel-1 io.lettuce.core.EpollProvider Starting without optional epoll library
2020-09-04 21:24:32 INFO  [THXU-Server-System,c1dbb56af0597e6f,c1dbb56af0597e6f,true] parallel-1 io.lettuce.core.KqueueProvider Starting without optional kqueue library
2020-09-04 21:24:40 INFO  [THXU-Server-System,,,] http-nio-8201-exec-5 org.apache.catalina.core.ContainerBase.[Tomcat].[localhost].[/] jolokia-actuator-endpoint: No access restrictor found, access to any MBean is allowed
2020-09-04 21:24:59 INFO  [THXU-Server-System,,,] registrationTask1 de.codecentric.boot.admin.client.registration.ApplicationRegistrator Application registered itself as f3be74e763ce
2020-09-04 21:29:31 INFO  [THXU-Server-System,,,] AsyncResolver-bootstrap-executor-0 com.netflix.discovery.shared.resolver.aws.ConfigClusterResolver Resolving eureka endpoints via configuration
2020-09-04 21:34:31 INFO  [THXU-Server-System,,,] AsyncResolver-bootstrap-executor-0 com.netflix.discovery.shared.resolver.aws.ConfigClusterResolver Resolving eureka endpoints via configuration
2020-09-04 21:39:31 INFO  [THXU-Server-System,,,] AsyncResolver-bootstrap-executor-0 com.netflix.discovery.shared.resolver.aws.ConfigClusterResolver Resolving eureka endpoints via configuration
2020-09-04 21:44:31 INFO  [THXU-Server-System,,,] AsyncResolver-bootstrap-executor-0 com.netflix.discovery.shared.resolver.aws.ConfigClusterResolver Resolving eureka endpoints via configuration
2020-09-04 21:49:31 INFO  [THXU-Server-System,,,] AsyncResolver-bootstrap-executor-0 com.netflix.discovery.shared.resolver.aws.ConfigClusterResolver Resolving eureka endpoints via configuration
2020-09-04 21:54:31 INFO  [THXU-Server-System,,,] AsyncResolver-bootstrap-executor-0 com.netflix.discovery.shared.resolver.aws.ConfigClusterResolver Resolving eureka endpoints via configuration
