2020-08-17 12:11:57 INFO  [springAppName_IS_UNDEFINED,,,] main org.springframework.context.support.PostProcessorRegistrationDelegate$BeanPostProcessorChecker Bean 'org.springframework.cloud.autoconfigure.ConfigurationPropertiesRebinderAutoConfiguration' of type [org.springframework.cloud.autoconfigure.ConfigurationPropertiesRebinderAutoConfiguration$$EnhancerBySpringCGLIB$$2435b21d] is not eligible for getting processed by all BeanPostProcessors (for example: not eligible for auto-proxying)
2020-08-17 12:11:57 INFO  [THXU-Server-System,,,] main com.kk.thxu.server.system.ThxuServerSystemApplication No active profile set, falling back to default profiles: default
2020-08-17 12:11:59 INFO  [THXU-Server-System,,,] main org.springframework.data.repository.config.RepositoryConfigurationDelegate Multiple Spring Data modules found, entering strict repository configuration mode!
2020-08-17 12:11:59 INFO  [THXU-Server-System,,,] main org.springframework.data.repository.config.RepositoryConfigurationDelegate Bootstrapping Spring Data repositories in DEFAULT mode.
2020-08-17 12:11:59 INFO  [THXU-Server-System,,,] main org.springframework.data.repository.config.RepositoryConfigurationDelegate Finished Spring Data repository scanning in 12ms. Found 0 repository interfaces.
2020-08-17 12:11:59 INFO  [THXU-Server-System,,,] main org.springframework.cloud.context.scope.GenericScope BeanFactory id=a7db83ca-334e-3411-8b9a-60f5d3584199
2020-08-17 12:11:59 INFO  [THXU-Server-System,,,] main org.springframework.context.support.PostProcessorRegistrationDelegate$BeanPostProcessorChecker Bean 'spring.datasource.dynamic-com.baomidou.dynamic.datasource.spring.boot.autoconfigure.DynamicDataSourceProperties' of type [com.baomidou.dynamic.datasource.spring.boot.autoconfigure.DynamicDataSourceProperties] is not eligible for getting processed by all BeanPostProcessors (for example: not eligible for auto-proxying)
2020-08-17 12:11:59 INFO  [THXU-Server-System,,,] main org.springframework.context.support.PostProcessorRegistrationDelegate$BeanPostProcessorChecker Bean 'com.baomidou.dynamic.datasource.spring.boot.autoconfigure.DynamicDataSourceAutoConfiguration' of type [com.baomidou.dynamic.datasource.spring.boot.autoconfigure.DynamicDataSourceAutoConfiguration$$EnhancerBySpringCGLIB$$71aa1ff1] is not eligible for getting processed by all BeanPostProcessors (for example: not eligible for auto-proxying)
2020-08-17 12:11:59 INFO  [THXU-Server-System,,,] main org.springframework.context.support.PostProcessorRegistrationDelegate$BeanPostProcessorChecker Bean 'dsProcessor' of type [com.baomidou.dynamic.datasource.processor.DsHeaderProcessor] is not eligible for getting processed by all BeanPostProcessors (for example: not eligible for auto-proxying)
2020-08-17 12:11:59 INFO  [THXU-Server-System,,,] main org.springframework.context.support.PostProcessorRegistrationDelegate$BeanPostProcessorChecker Bean 'dynamicDatasourceAnnotationAdvisor' of type [com.baomidou.dynamic.datasource.aop.DynamicDataSourceAnnotationAdvisor] is not eligible for getting processed by all BeanPostProcessors (for example: not eligible for auto-proxying)
2020-08-17 12:11:59 INFO  [THXU-Server-System,,,] main org.springframework.context.support.PostProcessorRegistrationDelegate$BeanPostProcessorChecker Bean 'org.springframework.security.config.annotation.configuration.ObjectPostProcessorConfiguration' of type [org.springframework.security.config.annotation.configuration.ObjectPostProcessorConfiguration$$EnhancerBySpringCGLIB$$a0c9775a] is not eligible for getting processed by all BeanPostProcessors (for example: not eligible for auto-proxying)
2020-08-17 12:11:59 INFO  [THXU-Server-System,,,] main org.springframework.context.support.PostProcessorRegistrationDelegate$BeanPostProcessorChecker Bean 'objectPostProcessor' of type [org.springframework.security.config.annotation.configuration.AutowireBeanFactoryObjectPostProcessor] is not eligible for getting processed by all BeanPostProcessors (for example: not eligible for auto-proxying)
2020-08-17 12:11:59 INFO  [THXU-Server-System,,,] main org.springframework.context.support.PostProcessorRegistrationDelegate$BeanPostProcessorChecker Bean 'org.springframework.security.access.expression.method.DefaultMethodSecurityExpressionHandler@22a4ca4a' of type [org.springframework.security.oauth2.provider.expression.OAuth2MethodSecurityExpressionHandler] is not eligible for getting processed by all BeanPostProcessors (for example: not eligible for auto-proxying)
2020-08-17 12:11:59 INFO  [THXU-Server-System,,,] main org.springframework.context.support.PostProcessorRegistrationDelegate$BeanPostProcessorChecker Bean 'org.springframework.security.config.annotation.method.configuration.GlobalMethodSecurityConfiguration' of type [org.springframework.security.config.annotation.method.configuration.GlobalMethodSecurityConfiguration$$EnhancerBySpringCGLIB$$c59e1a0c] is not eligible for getting processed by all BeanPostProcessors (for example: not eligible for auto-proxying)
2020-08-17 12:12:00 INFO  [THXU-Server-System,,,] main org.springframework.context.support.PostProcessorRegistrationDelegate$BeanPostProcessorChecker Bean 'methodSecurityMetadataSource' of type [org.springframework.security.access.method.DelegatingMethodSecurityMetadataSource] is not eligible for getting processed by all BeanPostProcessors (for example: not eligible for auto-proxying)
2020-08-17 12:12:00 INFO  [THXU-Server-System,,,] main org.springframework.context.support.PostProcessorRegistrationDelegate$BeanPostProcessorChecker Bean 'org.springframework.transaction.annotation.ProxyTransactionManagementConfiguration' of type [org.springframework.transaction.annotation.ProxyTransactionManagementConfiguration$$EnhancerBySpringCGLIB$$81baf20] is not eligible for getting processed by all BeanPostProcessors (for example: not eligible for auto-proxying)
2020-08-17 12:12:00 INFO  [THXU-Server-System,,,] main org.springframework.context.support.PostProcessorRegistrationDelegate$BeanPostProcessorChecker Bean 'org.springframework.cloud.autoconfigure.ConfigurationPropertiesRebinderAutoConfiguration' of type [org.springframework.cloud.autoconfigure.ConfigurationPropertiesRebinderAutoConfiguration$$EnhancerBySpringCGLIB$$2435b21d] is not eligible for getting processed by all BeanPostProcessors (for example: not eligible for auto-proxying)
2020-08-17 12:12:00 INFO  [THXU-Server-System,,,] main org.springframework.context.support.PostProcessorRegistrationDelegate$BeanPostProcessorChecker Bean 'org.springframework.cloud.sleuth.instrument.web.client.TraceWebClientAutoConfiguration$TraceOAuthConfiguration' of type [org.springframework.cloud.sleuth.instrument.web.client.TraceWebClientAutoConfiguration$TraceOAuthConfiguration$$EnhancerBySpringCGLIB$$4d18417f] is not eligible for getting processed by all BeanPostProcessors (for example: not eligible for auto-proxying)
2020-08-17 12:12:00 INFO  [THXU-Server-System,,,] main org.springframework.boot.web.embedded.tomcat.TomcatWebServer Tomcat initialized with port(s): 8201 (http)
2020-08-17 12:12:00 INFO  [THXU-Server-System,,,] main org.apache.coyote.http11.Http11NioProtocol Initializing ProtocolHandler ["http-nio-8201"]
2020-08-17 12:12:00 INFO  [THXU-Server-System,,,] main org.apache.catalina.core.StandardService Starting service [Tomcat]
2020-08-17 12:12:00 INFO  [THXU-Server-System,,,] main org.apache.catalina.core.StandardEngine Starting Servlet engine: [Apache Tomcat/9.0.21]
2020-08-17 12:12:00 INFO  [THXU-Server-System,,,] main org.apache.catalina.core.ContainerBase.[Tomcat].[localhost].[/] Initializing Spring embedded WebApplicationContext
2020-08-17 12:12:00 INFO  [THXU-Server-System,,,] main org.springframework.web.context.ContextLoader Root WebApplicationContext: initialization completed in 2914 ms
2020-08-17 12:12:01 INFO  [THXU-Server-System,,,] main com.netflix.config.sources.URLConfigurationSource To enable URLs as dynamic configuration sources, define System property archaius.configurationSource.additionalUrls or make config.properties available on classpath.
2020-08-17 12:12:01 INFO  [THXU-Server-System,,,] main com.netflix.config.DynamicPropertyFactory DynamicPropertyFactory is initialized with configuration sources: com.netflix.config.ConcurrentCompositeConfiguration@376af784
2020-08-17 12:12:01 INFO  [THXU-Server-System,,,] main com.baomidou.dynamic.datasource.DynamicRoutingDataSource 动态数据源-检测到并开启了p6spy
2020-08-17 12:12:01 INFO  [THXU-Server-System,,,] main com.zaxxer.hikari.HikariDataSource base - Starting...
2020-08-17 12:12:02 INFO  [THXU-Server-System,,,] main com.zaxxer.hikari.HikariDataSource base - Start completed.
2020-08-17 12:12:02 INFO  [THXU-Server-System,,,] main com.baomidou.dynamic.datasource.DynamicRoutingDataSource 初始共加载 1 个数据源
2020-08-17 12:12:02 INFO  [THXU-Server-System,,,] main com.baomidou.dynamic.datasource.DynamicRoutingDataSource 动态数据源-加载 base 成功
2020-08-17 12:12:02 INFO  [THXU-Server-System,,,] main com.baomidou.dynamic.datasource.DynamicRoutingDataSource 当前的默认数据源是单数据源，数据源名为 base
2020-08-17 12:12:03 INFO  [THXU-Server-System,,,] main org.springframework.boot.actuate.endpoint.web.ServletEndpointRegistrar Registered '/actuator/jolokia' to jolokia-actuator-endpoint
2020-08-17 12:12:04 INFO  [THXU-Server-System,,,] main org.springframework.boot.actuate.endpoint.web.EndpointLinksResolver Exposing 20 endpoint(s) beneath base path '/actuator'
2020-08-17 12:12:05 INFO  [THXU-Server-System,,,] main springfox.documentation.spring.web.PropertySourcedRequestMappingHandlerMapping Mapped URL path [/v2/api-docs] onto method [public org.springframework.http.ResponseEntity<springfox.documentation.spring.web.json.Json> springfox.documentation.swagger2.web.Swagger2Controller.getDocumentation(java.lang.String,javax.servlet.http.HttpServletRequest)]
2020-08-17 12:12:05 INFO  [THXU-Server-System,,,] main com.netflix.config.sources.URLConfigurationSource To enable URLs as dynamic configuration sources, define System property archaius.configurationSource.additionalUrls or make config.properties available on classpath.
2020-08-17 12:12:05 INFO  [THXU-Server-System,,,] main org.springframework.scheduling.concurrent.ThreadPoolTaskExecutor Initializing ExecutorService 'applicationTaskExecutor'
2020-08-17 12:12:05 INFO  [THXU-Server-System,,,] main org.springframework.scheduling.concurrent.ThreadPoolTaskScheduler Initializing ExecutorService
2020-08-17 12:12:06 INFO  [THXU-Server-System,,,] main org.springframework.boot.autoconfigure.security.servlet.UserDetailsServiceAutoConfiguration 

Using generated security password: 577eab44-4e18-467a-94b6-5b9b0e5ea7f9

2020-08-17 12:12:06 INFO  [THXU-Server-System,,,] main org.springframework.security.web.DefaultSecurityFilterChain Creating filter chain: OrRequestMatcher [requestMatchers=[Ant [pattern='/**']]], [org.springframework.security.web.context.request.async.WebAsyncManagerIntegrationFilter@65a3d7c9, org.springframework.security.web.context.SecurityContextPersistenceFilter@61627c9d, org.springframework.security.web.header.HeaderWriterFilter@451f3f66, org.springframework.security.web.authentication.logout.LogoutFilter@949f0d, org.springframework.security.oauth2.provider.authentication.OAuth2AuthenticationProcessingFilter@78e34499, org.springframework.security.web.savedrequest.RequestCacheAwareFilter@2512155e, org.springframework.security.web.servletapi.SecurityContextHolderAwareRequestFilter@b332eda, org.springframework.security.web.authentication.AnonymousAuthenticationFilter@5466a819, org.springframework.security.web.session.SessionManagementFilter@45ecdd32, org.springframework.security.web.access.ExceptionTranslationFilter@227c0cf7, org.springframework.security.web.access.intercept.FilterSecurityInterceptor@73483d4b]
2020-08-17 12:12:07 INFO  [THXU-Server-System,,,] main org.springframework.cloud.netflix.eureka.InstanceInfoFactory Setting initial instance status as: STARTING
2020-08-17 12:12:07 INFO  [THXU-Server-System,,,] main com.netflix.discovery.DiscoveryClient Initializing Eureka in region us-east-1
2020-08-17 12:12:08 INFO  [THXU-Server-System,,,] main com.netflix.discovery.provider.DiscoveryJerseyProvider Using JSON encoding codec LegacyJacksonJson
2020-08-17 12:12:08 INFO  [THXU-Server-System,,,] main com.netflix.discovery.provider.DiscoveryJerseyProvider Using JSON decoding codec LegacyJacksonJson
2020-08-17 12:12:08 INFO  [THXU-Server-System,,,] main com.netflix.discovery.provider.DiscoveryJerseyProvider Using XML encoding codec XStreamXml
2020-08-17 12:12:08 INFO  [THXU-Server-System,,,] main com.netflix.discovery.provider.DiscoveryJerseyProvider Using XML decoding codec XStreamXml
2020-08-17 12:12:08 INFO  [THXU-Server-System,,,] main com.netflix.discovery.shared.resolver.aws.ConfigClusterResolver Resolving eureka endpoints via configuration
2020-08-17 12:12:08 INFO  [THXU-Server-System,,,] main com.netflix.discovery.DiscoveryClient Disable delta property : false
2020-08-17 12:12:08 INFO  [THXU-Server-System,,,] main com.netflix.discovery.DiscoveryClient Single vip registry refresh property : null
2020-08-17 12:12:08 INFO  [THXU-Server-System,,,] main com.netflix.discovery.DiscoveryClient Force full registry fetch : false
2020-08-17 12:12:08 INFO  [THXU-Server-System,,,] main com.netflix.discovery.DiscoveryClient Application is null : false
2020-08-17 12:12:08 INFO  [THXU-Server-System,,,] main com.netflix.discovery.DiscoveryClient Registered Applications size is zero : true
2020-08-17 12:12:08 INFO  [THXU-Server-System,,,] main com.netflix.discovery.DiscoveryClient Application version is -1: true
2020-08-17 12:12:08 INFO  [THXU-Server-System,,,] main com.netflix.discovery.DiscoveryClient Getting all instance registry info from the eureka server
2020-08-17 12:12:08 INFO  [THXU-Server-System,,,] main com.netflix.discovery.DiscoveryClient The response status is 200
2020-08-17 12:12:08 INFO  [THXU-Server-System,,,] main com.netflix.discovery.DiscoveryClient Starting heartbeat executor: renew interval is: 20
2020-08-17 12:12:08 INFO  [THXU-Server-System,,,] main com.netflix.discovery.InstanceInfoReplicator InstanceInfoReplicator onDemand update allowed rate per min is 4
2020-08-17 12:12:08 INFO  [THXU-Server-System,,,] main com.netflix.discovery.DiscoveryClient Discovery Client initialized at timestamp 1597637528778 with initial instances count: 2
2020-08-17 12:12:08 INFO  [THXU-Server-System,,,] main org.springframework.cloud.netflix.eureka.serviceregistry.EurekaServiceRegistry Registering application THXU-SERVER-SYSTEM with eureka with status UP
2020-08-17 12:12:08 INFO  [THXU-Server-System,,,] main com.netflix.discovery.DiscoveryClient Saw local status change event StatusChangeEvent [timestamp=1597637528789, current=UP, previous=STARTING]
2020-08-17 12:12:08 INFO  [THXU-Server-System,,,] DiscoveryClient-InstanceInfoReplicator-0 com.netflix.discovery.DiscoveryClient DiscoveryClient_THXU-SERVER-SYSTEM/DESKTOP-40N1SAQ:THXU-Server-System:8201: registering service...
2020-08-17 12:12:08 INFO  [THXU-Server-System,,,] main springfox.documentation.spring.web.plugins.DocumentationPluginsBootstrapper Context refreshed
2020-08-17 12:12:08 INFO  [THXU-Server-System,,,] main springfox.documentation.spring.web.plugins.DocumentationPluginsBootstrapper Found 1 custom documentation plugin(s)
2020-08-17 12:12:08 INFO  [THXU-Server-System,,,] DiscoveryClient-InstanceInfoReplicator-0 com.netflix.discovery.DiscoveryClient DiscoveryClient_THXU-SERVER-SYSTEM/DESKTOP-40N1SAQ:THXU-Server-System:8201 - registration status: 204
2020-08-17 12:12:08 INFO  [THXU-Server-System,,,] main springfox.documentation.spring.web.scanners.ApiListingReferenceScanner Scanning for api listing references
2020-08-17 12:12:08 INFO  [THXU-Server-System,,,] main org.apache.coyote.http11.Http11NioProtocol Starting ProtocolHandler ["http-nio-8201"]
2020-08-17 12:12:09 INFO  [THXU-Server-System,,,] main org.springframework.boot.web.embedded.tomcat.TomcatWebServer Tomcat started on port(s): 8201 (http) with context path ''
2020-08-17 12:12:09 INFO  [THXU-Server-System,,,] main org.springframework.cloud.netflix.eureka.serviceregistry.EurekaAutoServiceRegistration Updating port to 8201
2020-08-17 12:12:09 INFO  [THXU-Server-System,,,] main com.kk.thxu.server.system.ThxuServerSystemApplication Started ThxuServerSystemApplication in 12.93 seconds (JVM running for 13.874)
2020-08-17 12:12:09 INFO  [THXU-Server-System,,,] registrationTask1 de.codecentric.boot.admin.client.registration.ApplicationRegistrator Application registered itself as f3be74e763ce
2020-08-17 12:12:09 INFO  [THXU-Server-System,,,] http-nio-8201-exec-1 org.apache.catalina.core.ContainerBase.[Tomcat].[localhost].[/] Initializing Spring DispatcherServlet 'dispatcherServlet'
2020-08-17 12:12:09 INFO  [THXU-Server-System,,,] http-nio-8201-exec-1 org.springframework.web.servlet.DispatcherServlet Initializing Servlet 'dispatcherServlet'
2020-08-17 12:12:09 INFO  [THXU-Server-System,,,] http-nio-8201-exec-1 org.springframework.web.servlet.DispatcherServlet Completed initialization in 21 ms
2020-08-17 12:12:09 INFO  [THXU-Server-System,,,] http-nio-8201-exec-2 org.apache.catalina.core.ContainerBase.[Tomcat].[localhost].[/] jolokia-actuator-endpoint: No access restrictor found, access to any MBean is allowed
2020-08-17 12:12:10 INFO  [THXU-Server-System,,,] RMI TCP Connection(5)-192.168.10.1 org.springframework.amqp.rabbit.connection.CachingConnectionFactory Attempting to connect to: [192.168.10.100:5672]
2020-08-17 12:12:10 INFO  [THXU-Server-System,,,] RMI TCP Connection(5)-192.168.10.1 org.springframework.amqp.rabbit.connection.CachingConnectionFactory Created new connection: rabbitConnectionFactory#52cb52bd:0/SimpleConnection@31c02ea7 [delegate=amqp://thxu@192.168.10.100:5672/, localPort= 50882]
2020-08-17 12:12:10 INFO  [THXU-Server-System,c9737165992c9928,c9737165992c9928,true] parallel-1 io.lettuce.core.EpollProvider Starting without optional epoll library
2020-08-17 12:12:10 INFO  [THXU-Server-System,c9737165992c9928,c9737165992c9928,true] parallel-1 io.lettuce.core.KqueueProvider Starting without optional kqueue library
2020-08-17 12:17:08 INFO  [THXU-Server-System,,,] AsyncResolver-bootstrap-executor-0 com.netflix.discovery.shared.resolver.aws.ConfigClusterResolver Resolving eureka endpoints via configuration
2020-08-17 12:22:08 INFO  [THXU-Server-System,,,] AsyncResolver-bootstrap-executor-0 com.netflix.discovery.shared.resolver.aws.ConfigClusterResolver Resolving eureka endpoints via configuration
2020-08-17 12:27:08 INFO  [THXU-Server-System,,,] AsyncResolver-bootstrap-executor-0 com.netflix.discovery.shared.resolver.aws.ConfigClusterResolver Resolving eureka endpoints via configuration
2020-08-17 12:32:08 INFO  [THXU-Server-System,,,] AsyncResolver-bootstrap-executor-0 com.netflix.discovery.shared.resolver.aws.ConfigClusterResolver Resolving eureka endpoints via configuration
2020-08-17 12:37:08 INFO  [THXU-Server-System,,,] AsyncResolver-bootstrap-executor-0 com.netflix.discovery.shared.resolver.aws.ConfigClusterResolver Resolving eureka endpoints via configuration
2020-08-17 12:42:08 INFO  [THXU-Server-System,,,] AsyncResolver-bootstrap-executor-0 com.netflix.discovery.shared.resolver.aws.ConfigClusterResolver Resolving eureka endpoints via configuration
2020-08-17 12:47:08 INFO  [THXU-Server-System,,,] AsyncResolver-bootstrap-executor-0 com.netflix.discovery.shared.resolver.aws.ConfigClusterResolver Resolving eureka endpoints via configuration
2020-08-17 12:52:08 INFO  [THXU-Server-System,,,] AsyncResolver-bootstrap-executor-0 com.netflix.discovery.shared.resolver.aws.ConfigClusterResolver Resolving eureka endpoints via configuration
2020-08-17 12:57:08 INFO  [THXU-Server-System,,,] AsyncResolver-bootstrap-executor-0 com.netflix.discovery.shared.resolver.aws.ConfigClusterResolver Resolving eureka endpoints via configuration
2020-08-17 13:02:08 INFO  [THXU-Server-System,,,] AsyncResolver-bootstrap-executor-0 com.netflix.discovery.shared.resolver.aws.ConfigClusterResolver Resolving eureka endpoints via configuration
2020-08-17 13:07:08 INFO  [THXU-Server-System,,,] AsyncResolver-bootstrap-executor-0 com.netflix.discovery.shared.resolver.aws.ConfigClusterResolver Resolving eureka endpoints via configuration
2020-08-17 13:12:08 INFO  [THXU-Server-System,,,] AsyncResolver-bootstrap-executor-0 com.netflix.discovery.shared.resolver.aws.ConfigClusterResolver Resolving eureka endpoints via configuration
2020-08-17 13:17:08 INFO  [THXU-Server-System,,,] AsyncResolver-bootstrap-executor-0 com.netflix.discovery.shared.resolver.aws.ConfigClusterResolver Resolving eureka endpoints via configuration
2020-08-17 13:22:08 INFO  [THXU-Server-System,,,] AsyncResolver-bootstrap-executor-0 com.netflix.discovery.shared.resolver.aws.ConfigClusterResolver Resolving eureka endpoints via configuration
2020-08-17 13:27:08 INFO  [THXU-Server-System,,,] AsyncResolver-bootstrap-executor-0 com.netflix.discovery.shared.resolver.aws.ConfigClusterResolver Resolving eureka endpoints via configuration
2020-08-17 13:32:08 INFO  [THXU-Server-System,,,] AsyncResolver-bootstrap-executor-0 com.netflix.discovery.shared.resolver.aws.ConfigClusterResolver Resolving eureka endpoints via configuration
2020-08-17 13:37:08 INFO  [THXU-Server-System,,,] AsyncResolver-bootstrap-executor-0 com.netflix.discovery.shared.resolver.aws.ConfigClusterResolver Resolving eureka endpoints via configuration
2020-08-17 13:42:08 INFO  [THXU-Server-System,,,] AsyncResolver-bootstrap-executor-0 com.netflix.discovery.shared.resolver.aws.ConfigClusterResolver Resolving eureka endpoints via configuration
2020-08-17 13:47:07 INFO  [THXU-Server-System,,,] AsyncResolver-bootstrap-executor-0 com.netflix.discovery.shared.resolver.aws.ConfigClusterResolver Resolving eureka endpoints via configuration
2020-08-17 13:52:07 INFO  [THXU-Server-System,,,] AsyncResolver-bootstrap-executor-0 com.netflix.discovery.shared.resolver.aws.ConfigClusterResolver Resolving eureka endpoints via configuration
2020-08-17 13:57:07 INFO  [THXU-Server-System,,,] AsyncResolver-bootstrap-executor-0 com.netflix.discovery.shared.resolver.aws.ConfigClusterResolver Resolving eureka endpoints via configuration
2020-08-17 14:02:07 INFO  [THXU-Server-System,,,] AsyncResolver-bootstrap-executor-0 com.netflix.discovery.shared.resolver.aws.ConfigClusterResolver Resolving eureka endpoints via configuration
2020-08-17 14:07:07 INFO  [THXU-Server-System,,,] AsyncResolver-bootstrap-executor-0 com.netflix.discovery.shared.resolver.aws.ConfigClusterResolver Resolving eureka endpoints via configuration
2020-08-17 14:12:07 INFO  [THXU-Server-System,,,] AsyncResolver-bootstrap-executor-0 com.netflix.discovery.shared.resolver.aws.ConfigClusterResolver Resolving eureka endpoints via configuration
2020-08-17 14:17:07 INFO  [THXU-Server-System,,,] AsyncResolver-bootstrap-executor-0 com.netflix.discovery.shared.resolver.aws.ConfigClusterResolver Resolving eureka endpoints via configuration
2020-08-17 14:22:07 INFO  [THXU-Server-System,,,] AsyncResolver-bootstrap-executor-0 com.netflix.discovery.shared.resolver.aws.ConfigClusterResolver Resolving eureka endpoints via configuration
2020-08-17 14:27:07 INFO  [THXU-Server-System,,,] AsyncResolver-bootstrap-executor-0 com.netflix.discovery.shared.resolver.aws.ConfigClusterResolver Resolving eureka endpoints via configuration
2020-08-17 14:32:07 INFO  [THXU-Server-System,,,] AsyncResolver-bootstrap-executor-0 com.netflix.discovery.shared.resolver.aws.ConfigClusterResolver Resolving eureka endpoints via configuration
2020-08-17 14:37:07 INFO  [THXU-Server-System,,,] AsyncResolver-bootstrap-executor-0 com.netflix.discovery.shared.resolver.aws.ConfigClusterResolver Resolving eureka endpoints via configuration
2020-08-17 14:42:07 INFO  [THXU-Server-System,,,] AsyncResolver-bootstrap-executor-0 com.netflix.discovery.shared.resolver.aws.ConfigClusterResolver Resolving eureka endpoints via configuration
2020-08-17 14:47:06 INFO  [THXU-Server-System,,,] AsyncResolver-bootstrap-executor-0 com.netflix.discovery.shared.resolver.aws.ConfigClusterResolver Resolving eureka endpoints via configuration
2020-08-17 14:52:06 INFO  [THXU-Server-System,,,] AsyncResolver-bootstrap-executor-0 com.netflix.discovery.shared.resolver.aws.ConfigClusterResolver Resolving eureka endpoints via configuration
2020-08-17 14:57:06 INFO  [THXU-Server-System,,,] AsyncResolver-bootstrap-executor-0 com.netflix.discovery.shared.resolver.aws.ConfigClusterResolver Resolving eureka endpoints via configuration
2020-08-17 15:02:06 INFO  [THXU-Server-System,,,] AsyncResolver-bootstrap-executor-0 com.netflix.discovery.shared.resolver.aws.ConfigClusterResolver Resolving eureka endpoints via configuration
2020-08-17 15:07:06 INFO  [THXU-Server-System,,,] AsyncResolver-bootstrap-executor-0 com.netflix.discovery.shared.resolver.aws.ConfigClusterResolver Resolving eureka endpoints via configuration
2020-08-17 15:12:06 INFO  [THXU-Server-System,,,] AsyncResolver-bootstrap-executor-0 com.netflix.discovery.shared.resolver.aws.ConfigClusterResolver Resolving eureka endpoints via configuration
2020-08-17 15:17:06 INFO  [THXU-Server-System,,,] AsyncResolver-bootstrap-executor-0 com.netflix.discovery.shared.resolver.aws.ConfigClusterResolver Resolving eureka endpoints via configuration
2020-08-17 15:22:06 INFO  [THXU-Server-System,,,] AsyncResolver-bootstrap-executor-0 com.netflix.discovery.shared.resolver.aws.ConfigClusterResolver Resolving eureka endpoints via configuration
2020-08-17 15:27:06 INFO  [THXU-Server-System,,,] AsyncResolver-bootstrap-executor-0 com.netflix.discovery.shared.resolver.aws.ConfigClusterResolver Resolving eureka endpoints via configuration
2020-08-17 15:32:06 INFO  [THXU-Server-System,,,] AsyncResolver-bootstrap-executor-0 com.netflix.discovery.shared.resolver.aws.ConfigClusterResolver Resolving eureka endpoints via configuration
2020-08-17 15:37:06 INFO  [THXU-Server-System,,,] AsyncResolver-bootstrap-executor-0 com.netflix.discovery.shared.resolver.aws.ConfigClusterResolver Resolving eureka endpoints via configuration
2020-08-17 15:42:06 INFO  [THXU-Server-System,,,] AsyncResolver-bootstrap-executor-0 com.netflix.discovery.shared.resolver.aws.ConfigClusterResolver Resolving eureka endpoints via configuration
2020-08-17 15:47:08 INFO  [THXU-Server-System,,,] AsyncResolver-bootstrap-executor-0 com.netflix.discovery.shared.resolver.aws.ConfigClusterResolver Resolving eureka endpoints via configuration
2020-08-17 15:52:08 INFO  [THXU-Server-System,,,] AsyncResolver-bootstrap-executor-0 com.netflix.discovery.shared.resolver.aws.ConfigClusterResolver Resolving eureka endpoints via configuration
2020-08-17 15:57:08 INFO  [THXU-Server-System,,,] AsyncResolver-bootstrap-executor-0 com.netflix.discovery.shared.resolver.aws.ConfigClusterResolver Resolving eureka endpoints via configuration
2020-08-17 16:02:08 INFO  [THXU-Server-System,,,] AsyncResolver-bootstrap-executor-0 com.netflix.discovery.shared.resolver.aws.ConfigClusterResolver Resolving eureka endpoints via configuration
2020-08-17 16:07:08 INFO  [THXU-Server-System,,,] AsyncResolver-bootstrap-executor-0 com.netflix.discovery.shared.resolver.aws.ConfigClusterResolver Resolving eureka endpoints via configuration
2020-08-17 16:12:08 INFO  [THXU-Server-System,,,] AsyncResolver-bootstrap-executor-0 com.netflix.discovery.shared.resolver.aws.ConfigClusterResolver Resolving eureka endpoints via configuration
2020-08-17 16:17:08 INFO  [THXU-Server-System,,,] AsyncResolver-bootstrap-executor-0 com.netflix.discovery.shared.resolver.aws.ConfigClusterResolver Resolving eureka endpoints via configuration
2020-08-17 16:22:08 INFO  [THXU-Server-System,,,] AsyncResolver-bootstrap-executor-0 com.netflix.discovery.shared.resolver.aws.ConfigClusterResolver Resolving eureka endpoints via configuration
2020-08-17 16:27:08 INFO  [THXU-Server-System,,,] AsyncResolver-bootstrap-executor-0 com.netflix.discovery.shared.resolver.aws.ConfigClusterResolver Resolving eureka endpoints via configuration
2020-08-17 16:32:08 INFO  [THXU-Server-System,,,] AsyncResolver-bootstrap-executor-0 com.netflix.discovery.shared.resolver.aws.ConfigClusterResolver Resolving eureka endpoints via configuration
2020-08-17 16:37:08 INFO  [THXU-Server-System,,,] AsyncResolver-bootstrap-executor-0 com.netflix.discovery.shared.resolver.aws.ConfigClusterResolver Resolving eureka endpoints via configuration
2020-08-17 16:42:08 INFO  [THXU-Server-System,,,] AsyncResolver-bootstrap-executor-0 com.netflix.discovery.shared.resolver.aws.ConfigClusterResolver Resolving eureka endpoints via configuration
2020-08-17 16:47:08 INFO  [THXU-Server-System,,,] AsyncResolver-bootstrap-executor-0 com.netflix.discovery.shared.resolver.aws.ConfigClusterResolver Resolving eureka endpoints via configuration
